2023-04-18 20:45:09,279 [Worker-2: Loading available Gradle versions] INFO  o.e.b.c.i.u.g.PublishedGradleVersions - Gradle version information cache is not available. Remote download required.
2023-04-18 20:45:10,172 [Worker-2: Loading available Gradle versions] ERROR o.e.b.c.i.u.g.PublishedGradleVersions - Cannot write Gradle version information cache file.
java.io.FileNotFoundException: C:\Users\ADMIN\.cache\tooling\gradle\versions.json (The system cannot find the path specified)
	at java.base/java.io.FileOutputStream.open0(Native Method)
	at java.base/java.io.FileOutputStream.open(FileOutputStream.java:293)
	at java.base/java.io.FileOutputStream.<init>(FileOutputStream.java:235)
	at com.google.common.io.Files$FileByteSink.openStream(Files.java:193)
	at com.google.common.io.Files$FileByteSink.openStream(Files.java:181)
	at com.google.common.io.ByteSink$AsCharSink.openStream(ByteSink.java:149)
	at com.google.common.io.CharSource$StringCharSource.copyTo(CharSource.java:648)
	at org.eclipse.buildship.core.internal.util.gradle.PublishedGradleVersions.storeCacheVersionsFile(PublishedGradleVersions.java:184)
	at org.eclipse.buildship.core.internal.util.gradle.PublishedGradleVersions.tryToDownloadAndCacheVersions(PublishedGradleVersions.java:150)
	at org.eclipse.buildship.core.internal.util.gradle.PublishedGradleVersions.create(PublishedGradleVersions.java:109)
	at org.eclipse.buildship.core.internal.util.gradle.PublishedGradleVersionsWrapper$LoadVersionsJob.run(PublishedGradleVersionsWrapper.java:60)
	at org.eclipse.core.internal.jobs.Worker.run(Worker.java:63)
2023-04-18 22:11:51,869 [Worker-5: Loading available Gradle versions] INFO  o.e.b.c.i.u.g.PublishedGradleVersions - Gradle version information cache is not available. Remote download required.
2023-04-18 22:11:53,118 [Worker-5: Loading available Gradle versions] ERROR o.e.b.c.i.u.g.PublishedGradleVersions - Cannot write Gradle version information cache file.
java.io.FileNotFoundException: C:\Users\ADMIN\.cache\tooling\gradle\versions.json (The system cannot find the path specified)
	at java.base/java.io.FileOutputStream.open0(Native Method)
	at java.base/java.io.FileOutputStream.open(FileOutputStream.java:293)
	at java.base/java.io.FileOutputStream.<init>(FileOutputStream.java:235)
	at com.google.common.io.Files$FileByteSink.openStream(Files.java:193)
	at com.google.common.io.Files$FileByteSink.openStream(Files.java:181)
	at com.google.common.io.ByteSink$AsCharSink.openStream(ByteSink.java:149)
	at com.google.common.io.CharSource$StringCharSource.copyTo(CharSource.java:648)
	at org.eclipse.buildship.core.internal.util.gradle.PublishedGradleVersions.storeCacheVersionsFile(PublishedGradleVersions.java:184)
	at org.eclipse.buildship.core.internal.util.gradle.PublishedGradleVersions.tryToDownloadAndCacheVersions(PublishedGradleVersions.java:150)
	at org.eclipse.buildship.core.internal.util.gradle.PublishedGradleVersions.create(PublishedGradleVersions.java:109)
	at org.eclipse.buildship.core.internal.util.gradle.PublishedGradleVersionsWrapper$LoadVersionsJob.run(PublishedGradleVersionsWrapper.java:60)
	at org.eclipse.core.internal.jobs.Worker.run(Worker.java:63)
2023-04-18 22:20:14,042 [Worker-2: Loading available Gradle versions] INFO  o.e.b.c.i.u.g.PublishedGradleVersions - Gradle version information cache is not available. Remote download required.
2023-04-18 22:20:15,284 [Worker-2: Loading available Gradle versions] ERROR o.e.b.c.i.u.g.PublishedGradleVersions - Cannot write Gradle version information cache file.
java.io.FileNotFoundException: C:\Users\ADMIN\.cache\tooling\gradle\versions.json (The system cannot find the path specified)
	at java.base/java.io.FileOutputStream.open0(Native Method)
	at java.base/java.io.FileOutputStream.open(FileOutputStream.java:293)
	at java.base/java.io.FileOutputStream.<init>(FileOutputStream.java:235)
	at com.google.common.io.Files$FileByteSink.openStream(Files.java:193)
	at com.google.common.io.Files$FileByteSink.openStream(Files.java:181)
	at com.google.common.io.ByteSink$AsCharSink.openStream(ByteSink.java:149)
	at com.google.common.io.CharSource$StringCharSource.copyTo(CharSource.java:648)
	at org.eclipse.buildship.core.internal.util.gradle.PublishedGradleVersions.storeCacheVersionsFile(PublishedGradleVersions.java:184)
	at org.eclipse.buildship.core.internal.util.gradle.PublishedGradleVersions.tryToDownloadAndCacheVersions(PublishedGradleVersions.java:150)
	at org.eclipse.buildship.core.internal.util.gradle.PublishedGradleVersions.create(PublishedGradleVersions.java:109)
	at org.eclipse.buildship.core.internal.util.gradle.PublishedGradleVersionsWrapper$LoadVersionsJob.run(PublishedGradleVersionsWrapper.java:60)
	at org.eclipse.core.internal.jobs.Worker.run(Worker.java:63)
2023-04-18 23:18:29,222 [Worker-7: Loading available Gradle versions] INFO  o.e.b.c.i.u.g.PublishedGradleVersions - Gradle version information cache is not available. Remote download required.
2023-04-18 23:18:30,159 [Worker-7: Loading available Gradle versions] ERROR o.e.b.c.i.u.g.PublishedGradleVersions - Cannot write Gradle version information cache file.
java.io.FileNotFoundException: C:\Users\ADMIN\.cache\tooling\gradle\versions.json (The system cannot find the path specified)
	at java.base/java.io.FileOutputStream.open0(Native Method)
	at java.base/java.io.FileOutputStream.open(FileOutputStream.java:293)
	at java.base/java.io.FileOutputStream.<init>(FileOutputStream.java:235)
	at com.google.common.io.Files$FileByteSink.openStream(Files.java:193)
	at com.google.common.io.Files$FileByteSink.openStream(Files.java:181)
	at com.google.common.io.ByteSink$AsCharSink.openStream(ByteSink.java:149)
	at com.google.common.io.CharSource$StringCharSource.copyTo(CharSource.java:648)
	at org.eclipse.buildship.core.internal.util.gradle.PublishedGradleVersions.storeCacheVersionsFile(PublishedGradleVersions.java:184)
	at org.eclipse.buildship.core.internal.util.gradle.PublishedGradleVersions.tryToDownloadAndCacheVersions(PublishedGradleVersions.java:150)
	at org.eclipse.buildship.core.internal.util.gradle.PublishedGradleVersions.create(PublishedGradleVersions.java:109)
	at org.eclipse.buildship.core.internal.util.gradle.PublishedGradleVersionsWrapper$LoadVersionsJob.run(PublishedGradleVersionsWrapper.java:60)
	at org.eclipse.core.internal.jobs.Worker.run(Worker.java:63)
2023-04-19 07:09:40,410 [Worker-2: Loading available Gradle versions] INFO  o.e.b.c.i.u.g.PublishedGradleVersions - Gradle version information cache is not available. Remote download required.
2023-04-19 07:09:41,045 [Worker-2: Loading available Gradle versions] ERROR o.e.b.c.i.u.g.PublishedGradleVersions - Cannot write Gradle version information cache file.
java.io.FileNotFoundException: C:\Users\ADMIN\.cache\tooling\gradle\versions.json (The system cannot find the path specified)
	at java.base/java.io.FileOutputStream.open0(Native Method)
	at java.base/java.io.FileOutputStream.open(FileOutputStream.java:293)
	at java.base/java.io.FileOutputStream.<init>(FileOutputStream.java:235)
	at com.google.common.io.Files$FileByteSink.openStream(Files.java:193)
	at com.google.common.io.Files$FileByteSink.openStream(Files.java:181)
	at com.google.common.io.ByteSink$AsCharSink.openStream(ByteSink.java:149)
	at com.google.common.io.CharSource$StringCharSource.copyTo(CharSource.java:648)
	at org.eclipse.buildship.core.internal.util.gradle.PublishedGradleVersions.storeCacheVersionsFile(PublishedGradleVersions.java:184)
	at org.eclipse.buildship.core.internal.util.gradle.PublishedGradleVersions.tryToDownloadAndCacheVersions(PublishedGradleVersions.java:150)
	at org.eclipse.buildship.core.internal.util.gradle.PublishedGradleVersions.create(PublishedGradleVersions.java:109)
	at org.eclipse.buildship.core.internal.util.gradle.PublishedGradleVersionsWrapper$LoadVersionsJob.run(PublishedGradleVersionsWrapper.java:60)
	at org.eclipse.core.internal.jobs.Worker.run(Worker.java:63)
2023-04-19 07:56:58,562 [Worker-6: Loading available Gradle versions] INFO  o.e.b.c.i.u.g.PublishedGradleVersions - Gradle version information cache is not available. Remote download required.
2023-04-19 07:56:59,322 [Worker-6: Loading available Gradle versions] ERROR o.e.b.c.i.u.g.PublishedGradleVersions - Cannot write Gradle version information cache file.
java.io.FileNotFoundException: C:\Users\ADMIN\.cache\tooling\gradle\versions.json (The system cannot find the path specified)
	at java.base/java.io.FileOutputStream.open0(Native Method)
	at java.base/java.io.FileOutputStream.open(FileOutputStream.java:293)
	at java.base/java.io.FileOutputStream.<init>(FileOutputStream.java:235)
	at com.google.common.io.Files$FileByteSink.openStream(Files.java:193)
	at com.google.common.io.Files$FileByteSink.openStream(Files.java:181)
	at com.google.common.io.ByteSink$AsCharSink.openStream(ByteSink.java:149)
	at com.google.common.io.CharSource$StringCharSource.copyTo(CharSource.java:648)
	at org.eclipse.buildship.core.internal.util.gradle.PublishedGradleVersions.storeCacheVersionsFile(PublishedGradleVersions.java:184)
	at org.eclipse.buildship.core.internal.util.gradle.PublishedGradleVersions.tryToDownloadAndCacheVersions(PublishedGradleVersions.java:150)
	at org.eclipse.buildship.core.internal.util.gradle.PublishedGradleVersions.create(PublishedGradleVersions.java:109)
	at org.eclipse.buildship.core.internal.util.gradle.PublishedGradleVersionsWrapper$LoadVersionsJob.run(PublishedGradleVersionsWrapper.java:60)
	at org.eclipse.core.internal.jobs.Worker.run(Worker.java:63)
2023-04-19 08:06:16,585 [Worker-1: Loading available Gradle versions] INFO  o.e.b.c.i.u.g.PublishedGradleVersions - Gradle version information cache is not available. Remote download required.
2023-04-19 08:06:17,286 [Worker-1: Loading available Gradle versions] ERROR o.e.b.c.i.u.g.PublishedGradleVersions - Cannot write Gradle version information cache file.
java.io.FileNotFoundException: C:\Users\ADMIN\.cache\tooling\gradle\versions.json (The system cannot find the path specified)
	at java.base/java.io.FileOutputStream.open0(Native Method)
	at java.base/java.io.FileOutputStream.open(FileOutputStream.java:293)
	at java.base/java.io.FileOutputStream.<init>(FileOutputStream.java:235)
	at com.google.common.io.Files$FileByteSink.openStream(Files.java:193)
	at com.google.common.io.Files$FileByteSink.openStream(Files.java:181)
	at com.google.common.io.ByteSink$AsCharSink.openStream(ByteSink.java:149)
	at com.google.common.io.CharSource$StringCharSource.copyTo(CharSource.java:648)
	at org.eclipse.buildship.core.internal.util.gradle.PublishedGradleVersions.storeCacheVersionsFile(PublishedGradleVersions.java:184)
	at org.eclipse.buildship.core.internal.util.gradle.PublishedGradleVersions.tryToDownloadAndCacheVersions(PublishedGradleVersions.java:150)
	at org.eclipse.buildship.core.internal.util.gradle.PublishedGradleVersions.create(PublishedGradleVersions.java:109)
	at org.eclipse.buildship.core.internal.util.gradle.PublishedGradleVersionsWrapper$LoadVersionsJob.run(PublishedGradleVersionsWrapper.java:60)
	at org.eclipse.core.internal.jobs.Worker.run(Worker.java:63)
2023-04-19 08:08:38,416 [Worker-1: Loading available Gradle versions] INFO  o.e.b.c.i.u.g.PublishedGradleVersions - Gradle version information cache is not available. Remote download required.
2023-04-19 08:08:39,236 [Worker-1: Loading available Gradle versions] ERROR o.e.b.c.i.u.g.PublishedGradleVersions - Cannot write Gradle version information cache file.
java.io.FileNotFoundException: C:\Users\ADMIN\.cache\tooling\gradle\versions.json (The system cannot find the path specified)
	at java.base/java.io.FileOutputStream.open0(Native Method)
	at java.base/java.io.FileOutputStream.open(FileOutputStream.java:293)
	at java.base/java.io.FileOutputStream.<init>(FileOutputStream.java:235)
	at com.google.common.io.Files$FileByteSink.openStream(Files.java:193)
	at com.google.common.io.Files$FileByteSink.openStream(Files.java:181)
	at com.google.common.io.ByteSink$AsCharSink.openStream(ByteSink.java:149)
	at com.google.common.io.CharSource$StringCharSource.copyTo(CharSource.java:648)
	at org.eclipse.buildship.core.internal.util.gradle.PublishedGradleVersions.storeCacheVersionsFile(PublishedGradleVersions.java:184)
	at org.eclipse.buildship.core.internal.util.gradle.PublishedGradleVersions.tryToDownloadAndCacheVersions(PublishedGradleVersions.java:150)
	at org.eclipse.buildship.core.internal.util.gradle.PublishedGradleVersions.create(PublishedGradleVersions.java:109)
	at org.eclipse.buildship.core.internal.util.gradle.PublishedGradleVersionsWrapper$LoadVersionsJob.run(PublishedGradleVersionsWrapper.java:60)
	at org.eclipse.core.internal.jobs.Worker.run(Worker.java:63)
2023-04-19 08:10:33,253 [Worker-5: Loading available Gradle versions] INFO  o.e.b.c.i.u.g.PublishedGradleVersions - Gradle version information cache is not available. Remote download required.
2023-04-19 08:10:34,081 [Worker-5: Loading available Gradle versions] ERROR o.e.b.c.i.u.g.PublishedGradleVersions - Cannot write Gradle version information cache file.
java.io.FileNotFoundException: C:\Users\ADMIN\.cache\tooling\gradle\versions.json (The system cannot find the path specified)
	at java.base/java.io.FileOutputStream.open0(Native Method)
	at java.base/java.io.FileOutputStream.open(FileOutputStream.java:293)
	at java.base/java.io.FileOutputStream.<init>(FileOutputStream.java:235)
	at com.google.common.io.Files$FileByteSink.openStream(Files.java:193)
	at com.google.common.io.Files$FileByteSink.openStream(Files.java:181)
	at com.google.common.io.ByteSink$AsCharSink.openStream(ByteSink.java:149)
	at com.google.common.io.CharSource$StringCharSource.copyTo(CharSource.java:648)
	at org.eclipse.buildship.core.internal.util.gradle.PublishedGradleVersions.storeCacheVersionsFile(PublishedGradleVersions.java:184)
	at org.eclipse.buildship.core.internal.util.gradle.PublishedGradleVersions.tryToDownloadAndCacheVersions(PublishedGradleVersions.java:150)
	at org.eclipse.buildship.core.internal.util.gradle.PublishedGradleVersions.create(PublishedGradleVersions.java:109)
	at org.eclipse.buildship.core.internal.util.gradle.PublishedGradleVersionsWrapper$LoadVersionsJob.run(PublishedGradleVersionsWrapper.java:60)
	at org.eclipse.core.internal.jobs.Worker.run(Worker.java:63)
2023-04-19 09:35:52,314 [Worker-1: Loading available Gradle versions] INFO  o.e.b.c.i.u.g.PublishedGradleVersions - Gradle version information cache is not available. Remote download required.
2023-04-19 09:35:53,252 [Worker-1: Loading available Gradle versions] ERROR o.e.b.c.i.u.g.PublishedGradleVersions - Cannot write Gradle version information cache file.
java.io.FileNotFoundException: C:\Users\ADMIN\.cache\tooling\gradle\versions.json (The system cannot find the path specified)
	at java.base/java.io.FileOutputStream.open0(Native Method)
	at java.base/java.io.FileOutputStream.open(FileOutputStream.java:293)
	at java.base/java.io.FileOutputStream.<init>(FileOutputStream.java:235)
	at com.google.common.io.Files$FileByteSink.openStream(Files.java:193)
	at com.google.common.io.Files$FileByteSink.openStream(Files.java:181)
	at com.google.common.io.ByteSink$AsCharSink.openStream(ByteSink.java:149)
	at com.google.common.io.CharSource$StringCharSource.copyTo(CharSource.java:648)
	at org.eclipse.buildship.core.internal.util.gradle.PublishedGradleVersions.storeCacheVersionsFile(PublishedGradleVersions.java:184)
	at org.eclipse.buildship.core.internal.util.gradle.PublishedGradleVersions.tryToDownloadAndCacheVersions(PublishedGradleVersions.java:150)
	at org.eclipse.buildship.core.internal.util.gradle.PublishedGradleVersions.create(PublishedGradleVersions.java:109)
	at org.eclipse.buildship.core.internal.util.gradle.PublishedGradleVersionsWrapper$LoadVersionsJob.run(PublishedGradleVersionsWrapper.java:60)
	at org.eclipse.core.internal.jobs.Worker.run(Worker.java:63)
2023-04-19 20:52:42,675 [Worker-1: Loading available Gradle versions] INFO  o.e.b.c.i.u.g.PublishedGradleVersions - Gradle version information cache is not available. Remote download required.
2023-04-19 20:52:44,405 [Worker-1: Loading available Gradle versions] ERROR o.e.b.c.i.u.g.PublishedGradleVersions - Cannot write Gradle version information cache file.
java.io.FileNotFoundException: C:\Users\ADMIN\.cache\tooling\gradle\versions.json (The system cannot find the path specified)
	at java.base/java.io.FileOutputStream.open0(Native Method)
	at java.base/java.io.FileOutputStream.open(FileOutputStream.java:293)
	at java.base/java.io.FileOutputStream.<init>(FileOutputStream.java:235)
	at com.google.common.io.Files$FileByteSink.openStream(Files.java:193)
	at com.google.common.io.Files$FileByteSink.openStream(Files.java:181)
	at com.google.common.io.ByteSink$AsCharSink.openStream(ByteSink.java:149)
	at com.google.common.io.CharSource$StringCharSource.copyTo(CharSource.java:648)
	at org.eclipse.buildship.core.internal.util.gradle.PublishedGradleVersions.storeCacheVersionsFile(PublishedGradleVersions.java:184)
	at org.eclipse.buildship.core.internal.util.gradle.PublishedGradleVersions.tryToDownloadAndCacheVersions(PublishedGradleVersions.java:150)
	at org.eclipse.buildship.core.internal.util.gradle.PublishedGradleVersions.create(PublishedGradleVersions.java:109)
	at org.eclipse.buildship.core.internal.util.gradle.PublishedGradleVersionsWrapper$LoadVersionsJob.run(PublishedGradleVersionsWrapper.java:60)
	at org.eclipse.core.internal.jobs.Worker.run(Worker.java:63)
2023-04-19 22:13:54,978 [Worker-5: Loading available Gradle versions] INFO  o.e.b.c.i.u.g.PublishedGradleVersions - Gradle version information cache is not available. Remote download required.
2023-04-19 22:13:57,169 [Worker-5: Loading available Gradle versions] ERROR o.e.b.c.i.u.g.PublishedGradleVersions - Cannot write Gradle version information cache file.
java.io.FileNotFoundException: C:\Users\ADMIN\.cache\tooling\gradle\versions.json (The system cannot find the path specified)
	at java.base/java.io.FileOutputStream.open0(Native Method)
	at java.base/java.io.FileOutputStream.open(FileOutputStream.java:293)
	at java.base/java.io.FileOutputStream.<init>(FileOutputStream.java:235)
	at com.google.common.io.Files$FileByteSink.openStream(Files.java:193)
	at com.google.common.io.Files$FileByteSink.openStream(Files.java:181)
	at com.google.common.io.ByteSink$AsCharSink.openStream(ByteSink.java:149)
	at com.google.common.io.CharSource$StringCharSource.copyTo(CharSource.java:648)
	at org.eclipse.buildship.core.internal.util.gradle.PublishedGradleVersions.storeCacheVersionsFile(PublishedGradleVersions.java:184)
	at org.eclipse.buildship.core.internal.util.gradle.PublishedGradleVersions.tryToDownloadAndCacheVersions(PublishedGradleVersions.java:150)
	at org.eclipse.buildship.core.internal.util.gradle.PublishedGradleVersions.create(PublishedGradleVersions.java:109)
	at org.eclipse.buildship.core.internal.util.gradle.PublishedGradleVersionsWrapper$LoadVersionsJob.run(PublishedGradleVersionsWrapper.java:60)
	at org.eclipse.core.internal.jobs.Worker.run(Worker.java:63)
2023-04-19 22:15:03,568 [Worker-0: Loading available Gradle versions] INFO  o.e.b.c.i.u.g.PublishedGradleVersions - Gradle version information cache is not available. Remote download required.
2023-04-19 22:15:04,873 [Worker-0: Loading available Gradle versions] ERROR o.e.b.c.i.u.g.PublishedGradleVersions - Cannot write Gradle version information cache file.
java.io.FileNotFoundException: C:\Users\ADMIN\.cache\tooling\gradle\versions.json (The system cannot find the path specified)
	at java.base/java.io.FileOutputStream.open0(Native Method)
	at java.base/java.io.FileOutputStream.open(FileOutputStream.java:293)
	at java.base/java.io.FileOutputStream.<init>(FileOutputStream.java:235)
	at com.google.common.io.Files$FileByteSink.openStream(Files.java:193)
	at com.google.common.io.Files$FileByteSink.openStream(Files.java:181)
	at com.google.common.io.ByteSink$AsCharSink.openStream(ByteSink.java:149)
	at com.google.common.io.CharSource$StringCharSource.copyTo(CharSource.java:648)
	at org.eclipse.buildship.core.internal.util.gradle.PublishedGradleVersions.storeCacheVersionsFile(PublishedGradleVersions.java:184)
	at org.eclipse.buildship.core.internal.util.gradle.PublishedGradleVersions.tryToDownloadAndCacheVersions(PublishedGradleVersions.java:150)
	at org.eclipse.buildship.core.internal.util.gradle.PublishedGradleVersions.create(PublishedGradleVersions.java:109)
	at org.eclipse.buildship.core.internal.util.gradle.PublishedGradleVersionsWrapper$LoadVersionsJob.run(PublishedGradleVersionsWrapper.java:60)
	at org.eclipse.core.internal.jobs.Worker.run(Worker.java:63)
2023-04-20 08:04:45,609 [Worker-5: Loading available Gradle versions] INFO  o.e.b.c.i.u.g.PublishedGradleVersions - Gradle version information cache is not available. Remote download required.
2023-04-20 08:04:46,747 [Worker-5: Loading available Gradle versions] ERROR o.e.b.c.i.u.g.PublishedGradleVersions - Cannot write Gradle version information cache file.
java.io.FileNotFoundException: C:\Users\ADMIN\.cache\tooling\gradle\versions.json (The system cannot find the path specified)
	at java.base/java.io.FileOutputStream.open0(Native Method)
	at java.base/java.io.FileOutputStream.open(FileOutputStream.java:293)
	at java.base/java.io.FileOutputStream.<init>(FileOutputStream.java:235)
	at com.google.common.io.Files$FileByteSink.openStream(Files.java:193)
	at com.google.common.io.Files$FileByteSink.openStream(Files.java:181)
	at com.google.common.io.ByteSink$AsCharSink.openStream(ByteSink.java:149)
	at com.google.common.io.CharSource$StringCharSource.copyTo(CharSource.java:648)
	at org.eclipse.buildship.core.internal.util.gradle.PublishedGradleVersions.storeCacheVersionsFile(PublishedGradleVersions.java:184)
	at org.eclipse.buildship.core.internal.util.gradle.PublishedGradleVersions.tryToDownloadAndCacheVersions(PublishedGradleVersions.java:150)
	at org.eclipse.buildship.core.internal.util.gradle.PublishedGradleVersions.create(PublishedGradleVersions.java:109)
	at org.eclipse.buildship.core.internal.util.gradle.PublishedGradleVersionsWrapper$LoadVersionsJob.run(PublishedGradleVersionsWrapper.java:60)
	at org.eclipse.core.internal.jobs.Worker.run(Worker.java:63)
2023-04-20 09:27:50,728 [Worker-1: Loading available Gradle versions] INFO  o.e.b.c.i.u.g.PublishedGradleVersions - Gradle version information cache is not available. Remote download required.
2023-04-20 09:27:51,430 [Worker-1: Loading available Gradle versions] ERROR o.e.b.c.i.u.g.PublishedGradleVersions - Cannot write Gradle version information cache file.
java.io.FileNotFoundException: C:\Users\ADMIN\.cache\tooling\gradle\versions.json (The system cannot find the path specified)
	at java.base/java.io.FileOutputStream.open0(Native Method)
	at java.base/java.io.FileOutputStream.open(FileOutputStream.java:293)
	at java.base/java.io.FileOutputStream.<init>(FileOutputStream.java:235)
	at com.google.common.io.Files$FileByteSink.openStream(Files.java:193)
	at com.google.common.io.Files$FileByteSink.openStream(Files.java:181)
	at com.google.common.io.ByteSink$AsCharSink.openStream(ByteSink.java:149)
	at com.google.common.io.CharSource$StringCharSource.copyTo(CharSource.java:648)
	at org.eclipse.buildship.core.internal.util.gradle.PublishedGradleVersions.storeCacheVersionsFile(PublishedGradleVersions.java:184)
	at org.eclipse.buildship.core.internal.util.gradle.PublishedGradleVersions.tryToDownloadAndCacheVersions(PublishedGradleVersions.java:150)
	at org.eclipse.buildship.core.internal.util.gradle.PublishedGradleVersions.create(PublishedGradleVersions.java:109)
	at org.eclipse.buildship.core.internal.util.gradle.PublishedGradleVersionsWrapper$LoadVersionsJob.run(PublishedGradleVersionsWrapper.java:60)
	at org.eclipse.core.internal.jobs.Worker.run(Worker.java:63)
2023-04-20 09:32:19,326 [Worker-6: Loading available Gradle versions] INFO  o.e.b.c.i.u.g.PublishedGradleVersions - Gradle version information cache is not available. Remote download required.
2023-04-20 09:32:19,948 [Worker-6: Loading available Gradle versions] ERROR o.e.b.c.i.u.g.PublishedGradleVersions - Cannot write Gradle version information cache file.
java.io.FileNotFoundException: C:\Users\ADMIN\.cache\tooling\gradle\versions.json (The system cannot find the path specified)
	at java.base/java.io.FileOutputStream.open0(Native Method)
	at java.base/java.io.FileOutputStream.open(FileOutputStream.java:293)
	at java.base/java.io.FileOutputStream.<init>(FileOutputStream.java:235)
	at com.google.common.io.Files$FileByteSink.openStream(Files.java:193)
	at com.google.common.io.Files$FileByteSink.openStream(Files.java:181)
	at com.google.common.io.ByteSink$AsCharSink.openStream(ByteSink.java:149)
	at com.google.common.io.CharSource$StringCharSource.copyTo(CharSource.java:648)
	at org.eclipse.buildship.core.internal.util.gradle.PublishedGradleVersions.storeCacheVersionsFile(PublishedGradleVersions.java:184)
	at org.eclipse.buildship.core.internal.util.gradle.PublishedGradleVersions.tryToDownloadAndCacheVersions(PublishedGradleVersions.java:150)
	at org.eclipse.buildship.core.internal.util.gradle.PublishedGradleVersions.create(PublishedGradleVersions.java:109)
	at org.eclipse.buildship.core.internal.util.gradle.PublishedGradleVersionsWrapper$LoadVersionsJob.run(PublishedGradleVersionsWrapper.java:60)
	at org.eclipse.core.internal.jobs.Worker.run(Worker.java:63)
2023-04-20 09:58:14,608 [Worker-5: Loading available Gradle versions] INFO  o.e.b.c.i.u.g.PublishedGradleVersions - Gradle version information cache is not available. Remote download required.
2023-04-20 09:58:15,323 [Worker-5: Loading available Gradle versions] ERROR o.e.b.c.i.u.g.PublishedGradleVersions - Cannot write Gradle version information cache file.
java.io.FileNotFoundException: C:\Users\ADMIN\.cache\tooling\gradle\versions.json (The system cannot find the path specified)
	at java.base/java.io.FileOutputStream.open0(Native Method)
	at java.base/java.io.FileOutputStream.open(FileOutputStream.java:293)
	at java.base/java.io.FileOutputStream.<init>(FileOutputStream.java:235)
	at com.google.common.io.Files$FileByteSink.openStream(Files.java:193)
	at com.google.common.io.Files$FileByteSink.openStream(Files.java:181)
	at com.google.common.io.ByteSink$AsCharSink.openStream(ByteSink.java:149)
	at com.google.common.io.CharSource$StringCharSource.copyTo(CharSource.java:648)
	at org.eclipse.buildship.core.internal.util.gradle.PublishedGradleVersions.storeCacheVersionsFile(PublishedGradleVersions.java:184)
	at org.eclipse.buildship.core.internal.util.gradle.PublishedGradleVersions.tryToDownloadAndCacheVersions(PublishedGradleVersions.java:150)
	at org.eclipse.buildship.core.internal.util.gradle.PublishedGradleVersions.create(PublishedGradleVersions.java:109)
	at org.eclipse.buildship.core.internal.util.gradle.PublishedGradleVersionsWrapper$LoadVersionsJob.run(PublishedGradleVersionsWrapper.java:60)
	at org.eclipse.core.internal.jobs.Worker.run(Worker.java:63)
2023-04-20 13:43:37,090 [Worker-6: Loading available Gradle versions] INFO  o.e.b.c.i.u.g.PublishedGradleVersions - Gradle version information cache is not available. Remote download required.
2023-04-20 13:43:37,909 [Worker-6: Loading available Gradle versions] ERROR o.e.b.c.i.u.g.PublishedGradleVersions - Cannot write Gradle version information cache file.
java.io.FileNotFoundException: C:\Users\ADMIN\.cache\tooling\gradle\versions.json (The system cannot find the path specified)
	at java.base/java.io.FileOutputStream.open0(Native Method)
	at java.base/java.io.FileOutputStream.open(FileOutputStream.java:293)
	at java.base/java.io.FileOutputStream.<init>(FileOutputStream.java:235)
	at com.google.common.io.Files$FileByteSink.openStream(Files.java:193)
	at com.google.common.io.Files$FileByteSink.openStream(Files.java:181)
	at com.google.common.io.ByteSink$AsCharSink.openStream(ByteSink.java:149)
	at com.google.common.io.CharSource$StringCharSource.copyTo(CharSource.java:648)
	at org.eclipse.buildship.core.internal.util.gradle.PublishedGradleVersions.storeCacheVersionsFile(PublishedGradleVersions.java:184)
	at org.eclipse.buildship.core.internal.util.gradle.PublishedGradleVersions.tryToDownloadAndCacheVersions(PublishedGradleVersions.java:150)
	at org.eclipse.buildship.core.internal.util.gradle.PublishedGradleVersions.create(PublishedGradleVersions.java:109)
	at org.eclipse.buildship.core.internal.util.gradle.PublishedGradleVersionsWrapper$LoadVersionsJob.run(PublishedGradleVersionsWrapper.java:60)
	at org.eclipse.core.internal.jobs.Worker.run(Worker.java:63)
2023-04-21 13:11:59,294 [Worker-5: Loading available Gradle versions] INFO  o.e.b.c.i.u.g.PublishedGradleVersions - Gradle version information cache is not available. Remote download required.
2023-04-21 13:12:00,688 [Worker-5: Loading available Gradle versions] ERROR o.e.b.c.i.u.g.PublishedGradleVersions - Cannot write Gradle version information cache file.
java.io.FileNotFoundException: C:\Users\ADMIN\.cache\tooling\gradle\versions.json (The system cannot find the path specified)
	at java.base/java.io.FileOutputStream.open0(Native Method)
	at java.base/java.io.FileOutputStream.open(FileOutputStream.java:293)
	at java.base/java.io.FileOutputStream.<init>(FileOutputStream.java:235)
	at com.google.common.io.Files$FileByteSink.openStream(Files.java:193)
	at com.google.common.io.Files$FileByteSink.openStream(Files.java:181)
	at com.google.common.io.ByteSink$AsCharSink.openStream(ByteSink.java:149)
	at com.google.common.io.CharSource$StringCharSource.copyTo(CharSource.java:648)
	at org.eclipse.buildship.core.internal.util.gradle.PublishedGradleVersions.storeCacheVersionsFile(PublishedGradleVersions.java:184)
	at org.eclipse.buildship.core.internal.util.gradle.PublishedGradleVersions.tryToDownloadAndCacheVersions(PublishedGradleVersions.java:150)
	at org.eclipse.buildship.core.internal.util.gradle.PublishedGradleVersions.create(PublishedGradleVersions.java:109)
	at org.eclipse.buildship.core.internal.util.gradle.PublishedGradleVersionsWrapper$LoadVersionsJob.run(PublishedGradleVersionsWrapper.java:60)
	at org.eclipse.core.internal.jobs.Worker.run(Worker.java:63)
2023-04-21 15:13:04,422 [Worker-8: Loading available Gradle versions] INFO  o.e.b.c.i.u.g.PublishedGradleVersions - Gradle version information cache is not available. Remote download required.
2023-04-21 15:13:05,209 [Worker-8: Loading available Gradle versions] ERROR o.e.b.c.i.u.g.PublishedGradleVersions - Cannot write Gradle version information cache file.
java.io.FileNotFoundException: C:\Users\ADMIN\.cache\tooling\gradle\versions.json (The system cannot find the path specified)
	at java.base/java.io.FileOutputStream.open0(Native Method)
	at java.base/java.io.FileOutputStream.open(FileOutputStream.java:293)
	at java.base/java.io.FileOutputStream.<init>(FileOutputStream.java:235)
	at com.google.common.io.Files$FileByteSink.openStream(Files.java:193)
	at com.google.common.io.Files$FileByteSink.openStream(Files.java:181)
	at com.google.common.io.ByteSink$AsCharSink.openStream(ByteSink.java:149)
	at com.google.common.io.CharSource$StringCharSource.copyTo(CharSource.java:648)
	at org.eclipse.buildship.core.internal.util.gradle.PublishedGradleVersions.storeCacheVersionsFile(PublishedGradleVersions.java:184)
	at org.eclipse.buildship.core.internal.util.gradle.PublishedGradleVersions.tryToDownloadAndCacheVersions(PublishedGradleVersions.java:150)
	at org.eclipse.buildship.core.internal.util.gradle.PublishedGradleVersions.create(PublishedGradleVersions.java:109)
	at org.eclipse.buildship.core.internal.util.gradle.PublishedGradleVersionsWrapper$LoadVersionsJob.run(PublishedGradleVersionsWrapper.java:60)
	at org.eclipse.core.internal.jobs.Worker.run(Worker.java:63)
2023-04-24 05:23:31,779 [Worker-1: Loading available Gradle versions] INFO  o.e.b.c.i.u.g.PublishedGradleVersions - Gradle version information cache is not available. Remote download required.
2023-04-24 05:23:32,617 [Worker-1: Loading available Gradle versions] ERROR o.e.b.c.i.u.g.PublishedGradleVersions - Cannot write Gradle version information cache file.
java.io.FileNotFoundException: C:\Users\ADMIN\.cache\tooling\gradle\versions.json (The system cannot find the path specified)
	at java.base/java.io.FileOutputStream.open0(Native Method)
	at java.base/java.io.FileOutputStream.open(FileOutputStream.java:293)
	at java.base/java.io.FileOutputStream.<init>(FileOutputStream.java:235)
	at com.google.common.io.Files$FileByteSink.openStream(Files.java:193)
	at com.google.common.io.Files$FileByteSink.openStream(Files.java:181)
	at com.google.common.io.ByteSink$AsCharSink.openStream(ByteSink.java:149)
	at com.google.common.io.CharSource$StringCharSource.copyTo(CharSource.java:648)
	at org.eclipse.buildship.core.internal.util.gradle.PublishedGradleVersions.storeCacheVersionsFile(PublishedGradleVersions.java:184)
	at org.eclipse.buildship.core.internal.util.gradle.PublishedGradleVersions.tryToDownloadAndCacheVersions(PublishedGradleVersions.java:150)
	at org.eclipse.buildship.core.internal.util.gradle.PublishedGradleVersions.create(PublishedGradleVersions.java:109)
	at org.eclipse.buildship.core.internal.util.gradle.PublishedGradleVersionsWrapper$LoadVersionsJob.run(PublishedGradleVersionsWrapper.java:60)
	at org.eclipse.core.internal.jobs.Worker.run(Worker.java:63)
2023-04-24 07:39:44,028 [Worker-2: Loading available Gradle versions] INFO  o.e.b.c.i.u.g.PublishedGradleVersions - Gradle version information cache is not available. Remote download required.
2023-04-25 07:44:35,198 [Worker-5: Loading available Gradle versions] INFO  o.e.b.c.i.u.g.PublishedGradleVersions - Gradle version information cache is not available. Remote download required.
2023-04-25 07:44:36,117 [Worker-5: Loading available Gradle versions] ERROR o.e.b.c.i.u.g.PublishedGradleVersions - Cannot write Gradle version information cache file.
java.io.FileNotFoundException: C:\Users\ADMIN\.cache\tooling\gradle\versions.json (The system cannot find the path specified)
	at java.base/java.io.FileOutputStream.open0(Native Method)
	at java.base/java.io.FileOutputStream.open(FileOutputStream.java:293)
	at java.base/java.io.FileOutputStream.<init>(FileOutputStream.java:235)
	at com.google.common.io.Files$FileByteSink.openStream(Files.java:193)
	at com.google.common.io.Files$FileByteSink.openStream(Files.java:181)
	at com.google.common.io.ByteSink$AsCharSink.openStream(ByteSink.java:149)
	at com.google.common.io.CharSource$StringCharSource.copyTo(CharSource.java:648)
	at org.eclipse.buildship.core.internal.util.gradle.PublishedGradleVersions.storeCacheVersionsFile(PublishedGradleVersions.java:184)
	at org.eclipse.buildship.core.internal.util.gradle.PublishedGradleVersions.tryToDownloadAndCacheVersions(PublishedGradleVersions.java:150)
	at org.eclipse.buildship.core.internal.util.gradle.PublishedGradleVersions.create(PublishedGradleVersions.java:109)
	at org.eclipse.buildship.core.internal.util.gradle.PublishedGradleVersionsWrapper$LoadVersionsJob.run(PublishedGradleVersionsWrapper.java:60)
	at org.eclipse.core.internal.jobs.Worker.run(Worker.java:63)
2023-04-25 08:22:53,795 [Worker-1: Loading available Gradle versions] INFO  o.e.b.c.i.u.g.PublishedGradleVersions - Gradle version information cache is not available. Remote download required.
2023-05-08 20:39:19,248 [Worker-5: Loading available Gradle versions] INFO  o.e.b.c.i.u.g.PublishedGradleVersions - Gradle version information cache is not available. Remote download required.
2023-05-08 20:39:20,051 [Worker-5: Loading available Gradle versions] ERROR o.e.b.c.i.u.g.PublishedGradleVersions - Cannot write Gradle version information cache file.
java.io.FileNotFoundException: C:\Users\ADMIN\.cache\tooling\gradle\versions.json (The system cannot find the path specified)
	at java.base/java.io.FileOutputStream.open0(Native Method)
	at java.base/java.io.FileOutputStream.open(FileOutputStream.java:293)
	at java.base/java.io.FileOutputStream.<init>(FileOutputStream.java:235)
	at com.google.common.io.Files$FileByteSink.openStream(Files.java:193)
	at com.google.common.io.Files$FileByteSink.openStream(Files.java:181)
	at com.google.common.io.ByteSink$AsCharSink.openStream(ByteSink.java:149)
	at com.google.common.io.CharSource$StringCharSource.copyTo(CharSource.java:648)
	at org.eclipse.buildship.core.internal.util.gradle.PublishedGradleVersions.storeCacheVersionsFile(PublishedGradleVersions.java:184)
	at org.eclipse.buildship.core.internal.util.gradle.PublishedGradleVersions.tryToDownloadAndCacheVersions(PublishedGradleVersions.java:150)
	at org.eclipse.buildship.core.internal.util.gradle.PublishedGradleVersions.create(PublishedGradleVersions.java:109)
	at org.eclipse.buildship.core.internal.util.gradle.PublishedGradleVersionsWrapper$LoadVersionsJob.run(PublishedGradleVersionsWrapper.java:60)
	at org.eclipse.core.internal.jobs.Worker.run(Worker.java:63)
2023-05-08 20:49:25,912 [Worker-2: Loading available Gradle versions] INFO  o.e.b.c.i.u.g.PublishedGradleVersions - Gradle version information cache is not available. Remote download required.
2023-05-08 20:49:26,736 [Worker-2: Loading available Gradle versions] ERROR o.e.b.c.i.u.g.PublishedGradleVersions - Cannot write Gradle version information cache file.
java.io.FileNotFoundException: C:\Users\ADMIN\.cache\tooling\gradle\versions.json (The system cannot find the path specified)
	at java.base/java.io.FileOutputStream.open0(Native Method)
	at java.base/java.io.FileOutputStream.open(FileOutputStream.java:293)
	at java.base/java.io.FileOutputStream.<init>(FileOutputStream.java:235)
	at com.google.common.io.Files$FileByteSink.openStream(Files.java:193)
	at com.google.common.io.Files$FileByteSink.openStream(Files.java:181)
	at com.google.common.io.ByteSink$AsCharSink.openStream(ByteSink.java:149)
	at com.google.common.io.CharSource$StringCharSource.copyTo(CharSource.java:648)
	at org.eclipse.buildship.core.internal.util.gradle.PublishedGradleVersions.storeCacheVersionsFile(PublishedGradleVersions.java:184)
	at org.eclipse.buildship.core.internal.util.gradle.PublishedGradleVersions.tryToDownloadAndCacheVersions(PublishedGradleVersions.java:150)
	at org.eclipse.buildship.core.internal.util.gradle.PublishedGradleVersions.create(PublishedGradleVersions.java:109)
	at org.eclipse.buildship.core.internal.util.gradle.PublishedGradleVersionsWrapper$LoadVersionsJob.run(PublishedGradleVersionsWrapper.java:60)
	at org.eclipse.core.internal.jobs.Worker.run(Worker.java:63)
2023-05-09 07:47:45,393 [Worker-5: Loading available Gradle versions] INFO  o.e.b.c.i.u.g.PublishedGradleVersions - Gradle version information cache is not available. Remote download required.
2023-05-09 07:47:46,108 [Worker-5: Loading available Gradle versions] ERROR o.e.b.c.i.u.g.PublishedGradleVersions - Cannot write Gradle version information cache file.
java.io.FileNotFoundException: C:\Users\ADMIN\.cache\tooling\gradle\versions.json (The system cannot find the path specified)
	at java.base/java.io.FileOutputStream.open0(Native Method)
	at java.base/java.io.FileOutputStream.open(FileOutputStream.java:293)
	at java.base/java.io.FileOutputStream.<init>(FileOutputStream.java:235)
	at com.google.common.io.Files$FileByteSink.openStream(Files.java:193)
	at com.google.common.io.Files$FileByteSink.openStream(Files.java:181)
	at com.google.common.io.ByteSink$AsCharSink.openStream(ByteSink.java:149)
	at com.google.common.io.CharSource$StringCharSource.copyTo(CharSource.java:648)
	at org.eclipse.buildship.core.internal.util.gradle.PublishedGradleVersions.storeCacheVersionsFile(PublishedGradleVersions.java:184)
	at org.eclipse.buildship.core.internal.util.gradle.PublishedGradleVersions.tryToDownloadAndCacheVersions(PublishedGradleVersions.java:150)
	at org.eclipse.buildship.core.internal.util.gradle.PublishedGradleVersions.create(PublishedGradleVersions.java:109)
	at org.eclipse.buildship.core.internal.util.gradle.PublishedGradleVersionsWrapper$LoadVersionsJob.run(PublishedGradleVersionsWrapper.java:60)
	at org.eclipse.core.internal.jobs.Worker.run(Worker.java:63)
2023-05-09 12:14:04,875 [Worker-6: Loading available Gradle versions] INFO  o.e.b.c.i.u.g.PublishedGradleVersions - Gradle version information cache is not available. Remote download required.
2023-05-09 12:14:05,617 [Worker-6: Loading available Gradle versions] ERROR o.e.b.c.i.u.g.PublishedGradleVersions - Cannot write Gradle version information cache file.
java.io.FileNotFoundException: C:\Users\ADMIN\.cache\tooling\gradle\versions.json (The system cannot find the path specified)
	at java.base/java.io.FileOutputStream.open0(Native Method)
	at java.base/java.io.FileOutputStream.open(FileOutputStream.java:293)
	at java.base/java.io.FileOutputStream.<init>(FileOutputStream.java:235)
	at com.google.common.io.Files$FileByteSink.openStream(Files.java:193)
	at com.google.common.io.Files$FileByteSink.openStream(Files.java:181)
	at com.google.common.io.ByteSink$AsCharSink.openStream(ByteSink.java:149)
	at com.google.common.io.CharSource$StringCharSource.copyTo(CharSource.java:648)
	at org.eclipse.buildship.core.internal.util.gradle.PublishedGradleVersions.storeCacheVersionsFile(PublishedGradleVersions.java:184)
	at org.eclipse.buildship.core.internal.util.gradle.PublishedGradleVersions.tryToDownloadAndCacheVersions(PublishedGradleVersions.java:150)
	at org.eclipse.buildship.core.internal.util.gradle.PublishedGradleVersions.create(PublishedGradleVersions.java:109)
	at org.eclipse.buildship.core.internal.util.gradle.PublishedGradleVersionsWrapper$LoadVersionsJob.run(PublishedGradleVersionsWrapper.java:60)
	at org.eclipse.core.internal.jobs.Worker.run(Worker.java:63)
2023-05-09 20:54:18,315 [Worker-4: Loading available Gradle versions] INFO  o.e.b.c.i.u.g.PublishedGradleVersions - Gradle version information cache is not available. Remote download required.
2023-05-09 20:54:19,398 [Worker-4: Loading available Gradle versions] ERROR o.e.b.c.i.u.g.PublishedGradleVersions - Cannot write Gradle version information cache file.
java.io.FileNotFoundException: C:\Users\ADMIN\.cache\tooling\gradle\versions.json (The system cannot find the path specified)
	at java.base/java.io.FileOutputStream.open0(Native Method)
	at java.base/java.io.FileOutputStream.open(FileOutputStream.java:293)
	at java.base/java.io.FileOutputStream.<init>(FileOutputStream.java:235)
	at com.google.common.io.Files$FileByteSink.openStream(Files.java:193)
	at com.google.common.io.Files$FileByteSink.openStream(Files.java:181)
	at com.google.common.io.ByteSink$AsCharSink.openStream(ByteSink.java:149)
	at com.google.common.io.CharSource$StringCharSource.copyTo(CharSource.java:648)
	at org.eclipse.buildship.core.internal.util.gradle.PublishedGradleVersions.storeCacheVersionsFile(PublishedGradleVersions.java:184)
	at org.eclipse.buildship.core.internal.util.gradle.PublishedGradleVersions.tryToDownloadAndCacheVersions(PublishedGradleVersions.java:150)
	at org.eclipse.buildship.core.internal.util.gradle.PublishedGradleVersions.create(PublishedGradleVersions.java:109)
	at org.eclipse.buildship.core.internal.util.gradle.PublishedGradleVersionsWrapper$LoadVersionsJob.run(PublishedGradleVersionsWrapper.java:60)
	at org.eclipse.core.internal.jobs.Worker.run(Worker.java:63)
2023-05-11 09:45:35,845 [Worker-3: Loading available Gradle versions] INFO  o.e.b.c.i.u.g.PublishedGradleVersions - Gradle version information cache is not available. Remote download required.
2023-05-11 09:45:36,839 [Worker-3: Loading available Gradle versions] ERROR o.e.b.c.i.u.g.PublishedGradleVersions - Cannot write Gradle version information cache file.
java.io.FileNotFoundException: C:\Users\ADMIN\.cache\tooling\gradle\versions.json (The system cannot find the path specified)
	at java.base/java.io.FileOutputStream.open0(Native Method)
	at java.base/java.io.FileOutputStream.open(FileOutputStream.java:293)
	at java.base/java.io.FileOutputStream.<init>(FileOutputStream.java:235)
	at com.google.common.io.Files$FileByteSink.openStream(Files.java:193)
	at com.google.common.io.Files$FileByteSink.openStream(Files.java:181)
	at com.google.common.io.ByteSink$AsCharSink.openStream(ByteSink.java:149)
	at com.google.common.io.CharSource$StringCharSource.copyTo(CharSource.java:648)
	at org.eclipse.buildship.core.internal.util.gradle.PublishedGradleVersions.storeCacheVersionsFile(PublishedGradleVersions.java:184)
	at org.eclipse.buildship.core.internal.util.gradle.PublishedGradleVersions.tryToDownloadAndCacheVersions(PublishedGradleVersions.java:150)
	at org.eclipse.buildship.core.internal.util.gradle.PublishedGradleVersions.create(PublishedGradleVersions.java:109)
	at org.eclipse.buildship.core.internal.util.gradle.PublishedGradleVersionsWrapper$LoadVersionsJob.run(PublishedGradleVersionsWrapper.java:60)
	at org.eclipse.core.internal.jobs.Worker.run(Worker.java:63)
2023-05-11 14:11:02,272 [Worker-5: Loading available Gradle versions] INFO  o.e.b.c.i.u.g.PublishedGradleVersions - Gradle version information cache is not available. Remote download required.
2023-05-11 14:11:02,997 [Worker-5: Loading available Gradle versions] ERROR o.e.b.c.i.u.g.PublishedGradleVersions - Cannot write Gradle version information cache file.
java.io.FileNotFoundException: C:\Users\ADMIN\.cache\tooling\gradle\versions.json (The system cannot find the path specified)
	at java.base/java.io.FileOutputStream.open0(Native Method)
	at java.base/java.io.FileOutputStream.open(FileOutputStream.java:293)
	at java.base/java.io.FileOutputStream.<init>(FileOutputStream.java:235)
	at com.google.common.io.Files$FileByteSink.openStream(Files.java:193)
	at com.google.common.io.Files$FileByteSink.openStream(Files.java:181)
	at com.google.common.io.ByteSink$AsCharSink.openStream(ByteSink.java:149)
	at com.google.common.io.CharSource$StringCharSource.copyTo(CharSource.java:648)
	at org.eclipse.buildship.core.internal.util.gradle.PublishedGradleVersions.storeCacheVersionsFile(PublishedGradleVersions.java:184)
	at org.eclipse.buildship.core.internal.util.gradle.PublishedGradleVersions.tryToDownloadAndCacheVersions(PublishedGradleVersions.java:150)
	at org.eclipse.buildship.core.internal.util.gradle.PublishedGradleVersions.create(PublishedGradleVersions.java:109)
	at org.eclipse.buildship.core.internal.util.gradle.PublishedGradleVersionsWrapper$LoadVersionsJob.run(PublishedGradleVersionsWrapper.java:60)
	at org.eclipse.core.internal.jobs.Worker.run(Worker.java:63)
2023-05-11 20:23:30,161 [Worker-5: Loading available Gradle versions] INFO  o.e.b.c.i.u.g.PublishedGradleVersions - Gradle version information cache is not available. Remote download required.
2023-05-11 20:23:30,895 [Worker-5: Loading available Gradle versions] ERROR o.e.b.c.i.u.g.PublishedGradleVersions - Cannot write Gradle version information cache file.
java.io.FileNotFoundException: C:\Users\ADMIN\.cache\tooling\gradle\versions.json (The system cannot find the path specified)
	at java.base/java.io.FileOutputStream.open0(Native Method)
	at java.base/java.io.FileOutputStream.open(FileOutputStream.java:293)
	at java.base/java.io.FileOutputStream.<init>(FileOutputStream.java:235)
	at com.google.common.io.Files$FileByteSink.openStream(Files.java:193)
	at com.google.common.io.Files$FileByteSink.openStream(Files.java:181)
	at com.google.common.io.ByteSink$AsCharSink.openStream(ByteSink.java:149)
	at com.google.common.io.CharSource$StringCharSource.copyTo(CharSource.java:648)
	at org.eclipse.buildship.core.internal.util.gradle.PublishedGradleVersions.storeCacheVersionsFile(PublishedGradleVersions.java:184)
	at org.eclipse.buildship.core.internal.util.gradle.PublishedGradleVersions.tryToDownloadAndCacheVersions(PublishedGradleVersions.java:150)
	at org.eclipse.buildship.core.internal.util.gradle.PublishedGradleVersions.create(PublishedGradleVersions.java:109)
	at org.eclipse.buildship.core.internal.util.gradle.PublishedGradleVersionsWrapper$LoadVersionsJob.run(PublishedGradleVersionsWrapper.java:60)
	at org.eclipse.core.internal.jobs.Worker.run(Worker.java:63)
2023-05-12 15:12:42,853 [Worker-1: Loading available Gradle versions] INFO  o.e.b.c.i.u.g.PublishedGradleVersions - Gradle version information cache is not available. Remote download required.
2023-05-12 15:12:44,898 [Worker-1: Loading available Gradle versions] ERROR o.e.b.c.i.u.g.PublishedGradleVersions - Cannot write Gradle version information cache file.
java.io.FileNotFoundException: C:\Users\ADMIN\.cache\tooling\gradle\versions.json (The system cannot find the path specified)
	at java.base/java.io.FileOutputStream.open0(Native Method)
	at java.base/java.io.FileOutputStream.open(FileOutputStream.java:293)
	at java.base/java.io.FileOutputStream.<init>(FileOutputStream.java:235)
	at com.google.common.io.Files$FileByteSink.openStream(Files.java:193)
	at com.google.common.io.Files$FileByteSink.openStream(Files.java:181)
	at com.google.common.io.ByteSink$AsCharSink.openStream(ByteSink.java:149)
	at com.google.common.io.CharSource$StringCharSource.copyTo(CharSource.java:648)
	at org.eclipse.buildship.core.internal.util.gradle.PublishedGradleVersions.storeCacheVersionsFile(PublishedGradleVersions.java:184)
	at org.eclipse.buildship.core.internal.util.gradle.PublishedGradleVersions.tryToDownloadAndCacheVersions(PublishedGradleVersions.java:150)
	at org.eclipse.buildship.core.internal.util.gradle.PublishedGradleVersions.create(PublishedGradleVersions.java:109)
	at org.eclipse.buildship.core.internal.util.gradle.PublishedGradleVersionsWrapper$LoadVersionsJob.run(PublishedGradleVersionsWrapper.java:60)
	at org.eclipse.core.internal.jobs.Worker.run(Worker.java:63)
2023-05-15 07:43:14,784 [Worker-5: Loading available Gradle versions] INFO  o.e.b.c.i.u.g.PublishedGradleVersions - Gradle version information cache is not available. Remote download required.
2023-05-15 07:43:16,237 [Worker-5: Loading available Gradle versions] ERROR o.e.b.c.i.u.g.PublishedGradleVersions - Cannot write Gradle version information cache file.
java.io.FileNotFoundException: C:\Users\ADMIN\.cache\tooling\gradle\versions.json (The system cannot find the path specified)
	at java.base/java.io.FileOutputStream.open0(Native Method)
	at java.base/java.io.FileOutputStream.open(FileOutputStream.java:293)
	at java.base/java.io.FileOutputStream.<init>(FileOutputStream.java:235)
	at com.google.common.io.Files$FileByteSink.openStream(Files.java:193)
	at com.google.common.io.Files$FileByteSink.openStream(Files.java:181)
	at com.google.common.io.ByteSink$AsCharSink.openStream(ByteSink.java:149)
	at com.google.common.io.CharSource$StringCharSource.copyTo(CharSource.java:648)
	at org.eclipse.buildship.core.internal.util.gradle.PublishedGradleVersions.storeCacheVersionsFile(PublishedGradleVersions.java:184)
	at org.eclipse.buildship.core.internal.util.gradle.PublishedGradleVersions.tryToDownloadAndCacheVersions(PublishedGradleVersions.java:150)
	at org.eclipse.buildship.core.internal.util.gradle.PublishedGradleVersions.create(PublishedGradleVersions.java:109)
	at org.eclipse.buildship.core.internal.util.gradle.PublishedGradleVersionsWrapper$LoadVersionsJob.run(PublishedGradleVersionsWrapper.java:60)
	at org.eclipse.core.internal.jobs.Worker.run(Worker.java:63)
2023-05-16 07:47:48,082 [Worker-4: Loading available Gradle versions] INFO  o.e.b.c.i.u.g.PublishedGradleVersions - Gradle version information cache is not available. Remote download required.
2023-05-16 07:47:51,833 [Worker-4: Loading available Gradle versions] ERROR o.e.b.c.i.u.g.PublishedGradleVersions - Cannot write Gradle version information cache file.
java.io.FileNotFoundException: C:\Users\ADMIN\.cache\tooling\gradle\versions.json (The system cannot find the path specified)
	at java.base/java.io.FileOutputStream.open0(Native Method)
	at java.base/java.io.FileOutputStream.open(FileOutputStream.java:293)
	at java.base/java.io.FileOutputStream.<init>(FileOutputStream.java:235)
	at com.google.common.io.Files$FileByteSink.openStream(Files.java:193)
	at com.google.common.io.Files$FileByteSink.openStream(Files.java:181)
	at com.google.common.io.ByteSink$AsCharSink.openStream(ByteSink.java:149)
	at com.google.common.io.CharSource$StringCharSource.copyTo(CharSource.java:648)
	at org.eclipse.buildship.core.internal.util.gradle.PublishedGradleVersions.storeCacheVersionsFile(PublishedGradleVersions.java:184)
	at org.eclipse.buildship.core.internal.util.gradle.PublishedGradleVersions.tryToDownloadAndCacheVersions(PublishedGradleVersions.java:150)
	at org.eclipse.buildship.core.internal.util.gradle.PublishedGradleVersions.create(PublishedGradleVersions.java:109)
	at org.eclipse.buildship.core.internal.util.gradle.PublishedGradleVersionsWrapper$LoadVersionsJob.run(PublishedGradleVersionsWrapper.java:60)
	at org.eclipse.core.internal.jobs.Worker.run(Worker.java:63)
