2023-04-18 20:45:04,365 [Worker-7: Loading available Gradle versions] INFO  o.e.b.c.i.u.g.PublishedGradleVersions - Gradle version information cache is not available. Remote download required.
2023-04-18 20:45:05,269 [Worker-7: Loading available Gradle versions] ERROR o.e.b.c.i.u.g.PublishedGradleVersions - Cannot write Gradle version information cache file.
java.io.FileNotFoundException: C:\Users\ADMIN\.cache\tooling\gradle\versions.json (The system cannot find the path specified)
	at java.base/java.io.FileOutputStream.open0(Native Method)
	at java.base/java.io.FileOutputStream.open(FileOutputStream.java:293)
	at java.base/java.io.FileOutputStream.<init>(FileOutputStream.java:235)
	at com.google.common.io.Files$FileByteSink.openStream(Files.java:193)
	at com.google.common.io.Files$FileByteSink.openStream(Files.java:181)
	at com.google.common.io.ByteSink$AsCharSink.openStream(ByteSink.java:149)
	at com.google.common.io.CharSource$StringCharSource.copyTo(CharSource.java:648)
	at org.eclipse.buildship.core.internal.util.gradle.PublishedGradleVersions.storeCacheVersionsFile(PublishedGradleVersions.java:184)
	at org.eclipse.buildship.core.internal.util.gradle.PublishedGradleVersions.tryToDownloadAndCacheVersions(PublishedGradleVersions.java:150)
	at org.eclipse.buildship.core.internal.util.gradle.PublishedGradleVersions.create(PublishedGradleVersions.java:109)
	at org.eclipse.buildship.core.internal.util.gradle.PublishedGradleVersionsWrapper$LoadVersionsJob.run(PublishedGradleVersionsWrapper.java:60)
	at org.eclipse.core.internal.jobs.Worker.run(Worker.java:63)
2023-04-19 07:10:01,668 [Worker-2: Loading available Gradle versions] INFO  o.e.b.c.i.u.g.PublishedGradleVersions - Gradle version information cache is not available. Remote download required.
2023-04-19 07:10:02,296 [Worker-2: Loading available Gradle versions] ERROR o.e.b.c.i.u.g.PublishedGradleVersions - Cannot write Gradle version information cache file.
java.io.FileNotFoundException: C:\Users\ADMIN\.cache\tooling\gradle\versions.json (The system cannot find the path specified)
	at java.base/java.io.FileOutputStream.open0(Native Method)
	at java.base/java.io.FileOutputStream.open(FileOutputStream.java:293)
	at java.base/java.io.FileOutputStream.<init>(FileOutputStream.java:235)
	at com.google.common.io.Files$FileByteSink.openStream(Files.java:193)
	at com.google.common.io.Files$FileByteSink.openStream(Files.java:181)
	at com.google.common.io.ByteSink$AsCharSink.openStream(ByteSink.java:149)
	at com.google.common.io.CharSource$StringCharSource.copyTo(CharSource.java:648)
	at org.eclipse.buildship.core.internal.util.gradle.PublishedGradleVersions.storeCacheVersionsFile(PublishedGradleVersions.java:184)
	at org.eclipse.buildship.core.internal.util.gradle.PublishedGradleVersions.tryToDownloadAndCacheVersions(PublishedGradleVersions.java:150)
	at org.eclipse.buildship.core.internal.util.gradle.PublishedGradleVersions.create(PublishedGradleVersions.java:109)
	at org.eclipse.buildship.core.internal.util.gradle.PublishedGradleVersionsWrapper$LoadVersionsJob.run(PublishedGradleVersionsWrapper.java:60)
	at org.eclipse.core.internal.jobs.Worker.run(Worker.java:63)
2023-04-19 07:25:55,249 [Worker-1: Loading available Gradle versions] INFO  o.e.b.c.i.u.g.PublishedGradleVersions - Gradle version information cache is not available. Remote download required.
2023-04-19 07:25:56,101 [Worker-1: Loading available Gradle versions] ERROR o.e.b.c.i.u.g.PublishedGradleVersions - Cannot write Gradle version information cache file.
java.io.FileNotFoundException: C:\Users\ADMIN\.cache\tooling\gradle\versions.json (The system cannot find the path specified)
	at java.base/java.io.FileOutputStream.open0(Native Method)
	at java.base/java.io.FileOutputStream.open(FileOutputStream.java:293)
	at java.base/java.io.FileOutputStream.<init>(FileOutputStream.java:235)
	at com.google.common.io.Files$FileByteSink.openStream(Files.java:193)
	at com.google.common.io.Files$FileByteSink.openStream(Files.java:181)
	at com.google.common.io.ByteSink$AsCharSink.openStream(ByteSink.java:149)
	at com.google.common.io.CharSource$StringCharSource.copyTo(CharSource.java:648)
	at org.eclipse.buildship.core.internal.util.gradle.PublishedGradleVersions.storeCacheVersionsFile(PublishedGradleVersions.java:184)
	at org.eclipse.buildship.core.internal.util.gradle.PublishedGradleVersions.tryToDownloadAndCacheVersions(PublishedGradleVersions.java:150)
	at org.eclipse.buildship.core.internal.util.gradle.PublishedGradleVersions.create(PublishedGradleVersions.java:109)
	at org.eclipse.buildship.core.internal.util.gradle.PublishedGradleVersionsWrapper$LoadVersionsJob.run(PublishedGradleVersionsWrapper.java:60)
	at org.eclipse.core.internal.jobs.Worker.run(Worker.java:63)
2023-04-19 09:36:20,367 [Worker-1: Loading available Gradle versions] INFO  o.e.b.c.i.u.g.PublishedGradleVersions - Gradle version information cache is not available. Remote download required.
2023-04-19 09:36:21,501 [Worker-1: Loading available Gradle versions] ERROR o.e.b.c.i.u.g.PublishedGradleVersions - Cannot write Gradle version information cache file.
java.io.FileNotFoundException: C:\Users\ADMIN\.cache\tooling\gradle\versions.json (The system cannot find the path specified)
	at java.base/java.io.FileOutputStream.open0(Native Method)
	at java.base/java.io.FileOutputStream.open(FileOutputStream.java:293)
	at java.base/java.io.FileOutputStream.<init>(FileOutputStream.java:235)
	at com.google.common.io.Files$FileByteSink.openStream(Files.java:193)
	at com.google.common.io.Files$FileByteSink.openStream(Files.java:181)
	at com.google.common.io.ByteSink$AsCharSink.openStream(ByteSink.java:149)
	at com.google.common.io.CharSource$StringCharSource.copyTo(CharSource.java:648)
	at org.eclipse.buildship.core.internal.util.gradle.PublishedGradleVersions.storeCacheVersionsFile(PublishedGradleVersions.java:184)
	at org.eclipse.buildship.core.internal.util.gradle.PublishedGradleVersions.tryToDownloadAndCacheVersions(PublishedGradleVersions.java:150)
	at org.eclipse.buildship.core.internal.util.gradle.PublishedGradleVersions.create(PublishedGradleVersions.java:109)
	at org.eclipse.buildship.core.internal.util.gradle.PublishedGradleVersionsWrapper$LoadVersionsJob.run(PublishedGradleVersionsWrapper.java:60)
	at org.eclipse.core.internal.jobs.Worker.run(Worker.java:63)
2023-04-19 20:52:42,708 [Worker-0: Loading available Gradle versions] INFO  o.e.b.c.i.u.g.PublishedGradleVersions - Gradle version information cache is not available. Remote download required.
2023-04-19 20:52:43,975 [Worker-0: Loading available Gradle versions] ERROR o.e.b.c.i.u.g.PublishedGradleVersions - Cannot write Gradle version information cache file.
java.io.FileNotFoundException: C:\Users\ADMIN\.cache\tooling\gradle\versions.json (The system cannot find the path specified)
	at java.base/java.io.FileOutputStream.open0(Native Method)
	at java.base/java.io.FileOutputStream.open(FileOutputStream.java:293)
	at java.base/java.io.FileOutputStream.<init>(FileOutputStream.java:235)
	at com.google.common.io.Files$FileByteSink.openStream(Files.java:193)
	at com.google.common.io.Files$FileByteSink.openStream(Files.java:181)
	at com.google.common.io.ByteSink$AsCharSink.openStream(ByteSink.java:149)
	at com.google.common.io.CharSource$StringCharSource.copyTo(CharSource.java:648)
	at org.eclipse.buildship.core.internal.util.gradle.PublishedGradleVersions.storeCacheVersionsFile(PublishedGradleVersions.java:184)
	at org.eclipse.buildship.core.internal.util.gradle.PublishedGradleVersions.tryToDownloadAndCacheVersions(PublishedGradleVersions.java:150)
	at org.eclipse.buildship.core.internal.util.gradle.PublishedGradleVersions.create(PublishedGradleVersions.java:109)
	at org.eclipse.buildship.core.internal.util.gradle.PublishedGradleVersionsWrapper$LoadVersionsJob.run(PublishedGradleVersionsWrapper.java:60)
	at org.eclipse.core.internal.jobs.Worker.run(Worker.java:63)
2023-04-20 08:04:45,838 [Worker-1: Loading available Gradle versions] INFO  o.e.b.c.i.u.g.PublishedGradleVersions - Gradle version information cache is not available. Remote download required.
2023-04-20 08:04:46,727 [Worker-1: Loading available Gradle versions] ERROR o.e.b.c.i.u.g.PublishedGradleVersions - Cannot write Gradle version information cache file.
java.io.FileNotFoundException: C:\Users\ADMIN\.cache\tooling\gradle\versions.json (The system cannot find the path specified)
	at java.base/java.io.FileOutputStream.open0(Native Method)
	at java.base/java.io.FileOutputStream.open(FileOutputStream.java:293)
	at java.base/java.io.FileOutputStream.<init>(FileOutputStream.java:235)
	at com.google.common.io.Files$FileByteSink.openStream(Files.java:193)
	at com.google.common.io.Files$FileByteSink.openStream(Files.java:181)
	at com.google.common.io.ByteSink$AsCharSink.openStream(ByteSink.java:149)
	at com.google.common.io.CharSource$StringCharSource.copyTo(CharSource.java:648)
	at org.eclipse.buildship.core.internal.util.gradle.PublishedGradleVersions.storeCacheVersionsFile(PublishedGradleVersions.java:184)
	at org.eclipse.buildship.core.internal.util.gradle.PublishedGradleVersions.tryToDownloadAndCacheVersions(PublishedGradleVersions.java:150)
	at org.eclipse.buildship.core.internal.util.gradle.PublishedGradleVersions.create(PublishedGradleVersions.java:109)
	at org.eclipse.buildship.core.internal.util.gradle.PublishedGradleVersionsWrapper$LoadVersionsJob.run(PublishedGradleVersionsWrapper.java:60)
	at org.eclipse.core.internal.jobs.Worker.run(Worker.java:63)
2023-04-20 09:27:40,033 [Worker-5: Loading available Gradle versions] INFO  o.e.b.c.i.u.g.PublishedGradleVersions - Gradle version information cache is not available. Remote download required.
2023-04-20 09:27:40,804 [Worker-5: Loading available Gradle versions] ERROR o.e.b.c.i.u.g.PublishedGradleVersions - Cannot write Gradle version information cache file.
java.io.FileNotFoundException: C:\Users\ADMIN\.cache\tooling\gradle\versions.json (The system cannot find the path specified)
	at java.base/java.io.FileOutputStream.open0(Native Method)
	at java.base/java.io.FileOutputStream.open(FileOutputStream.java:293)
	at java.base/java.io.FileOutputStream.<init>(FileOutputStream.java:235)
	at com.google.common.io.Files$FileByteSink.openStream(Files.java:193)
	at com.google.common.io.Files$FileByteSink.openStream(Files.java:181)
	at com.google.common.io.ByteSink$AsCharSink.openStream(ByteSink.java:149)
	at com.google.common.io.CharSource$StringCharSource.copyTo(CharSource.java:648)
	at org.eclipse.buildship.core.internal.util.gradle.PublishedGradleVersions.storeCacheVersionsFile(PublishedGradleVersions.java:184)
	at org.eclipse.buildship.core.internal.util.gradle.PublishedGradleVersions.tryToDownloadAndCacheVersions(PublishedGradleVersions.java:150)
	at org.eclipse.buildship.core.internal.util.gradle.PublishedGradleVersions.create(PublishedGradleVersions.java:109)
	at org.eclipse.buildship.core.internal.util.gradle.PublishedGradleVersionsWrapper$LoadVersionsJob.run(PublishedGradleVersionsWrapper.java:60)
	at org.eclipse.core.internal.jobs.Worker.run(Worker.java:63)
2023-04-20 09:32:37,178 [Worker-1: Loading available Gradle versions] INFO  o.e.b.c.i.u.g.PublishedGradleVersions - Gradle version information cache is not available. Remote download required.
2023-04-20 09:32:37,962 [Worker-1: Loading available Gradle versions] ERROR o.e.b.c.i.u.g.PublishedGradleVersions - Cannot write Gradle version information cache file.
java.io.FileNotFoundException: C:\Users\ADMIN\.cache\tooling\gradle\versions.json (The system cannot find the path specified)
	at java.base/java.io.FileOutputStream.open0(Native Method)
	at java.base/java.io.FileOutputStream.open(FileOutputStream.java:293)
	at java.base/java.io.FileOutputStream.<init>(FileOutputStream.java:235)
	at com.google.common.io.Files$FileByteSink.openStream(Files.java:193)
	at com.google.common.io.Files$FileByteSink.openStream(Files.java:181)
	at com.google.common.io.ByteSink$AsCharSink.openStream(ByteSink.java:149)
	at com.google.common.io.CharSource$StringCharSource.copyTo(CharSource.java:648)
	at org.eclipse.buildship.core.internal.util.gradle.PublishedGradleVersions.storeCacheVersionsFile(PublishedGradleVersions.java:184)
	at org.eclipse.buildship.core.internal.util.gradle.PublishedGradleVersions.tryToDownloadAndCacheVersions(PublishedGradleVersions.java:150)
	at org.eclipse.buildship.core.internal.util.gradle.PublishedGradleVersions.create(PublishedGradleVersions.java:109)
	at org.eclipse.buildship.core.internal.util.gradle.PublishedGradleVersionsWrapper$LoadVersionsJob.run(PublishedGradleVersionsWrapper.java:60)
	at org.eclipse.core.internal.jobs.Worker.run(Worker.java:63)
2023-04-20 13:43:43,189 [Worker-5: Loading available Gradle versions] INFO  o.e.b.c.i.u.g.PublishedGradleVersions - Gradle version information cache is not available. Remote download required.
2023-04-20 13:43:43,892 [Worker-5: Loading available Gradle versions] ERROR o.e.b.c.i.u.g.PublishedGradleVersions - Cannot write Gradle version information cache file.
java.io.FileNotFoundException: C:\Users\ADMIN\.cache\tooling\gradle\versions.json (The system cannot find the path specified)
	at java.base/java.io.FileOutputStream.open0(Native Method)
	at java.base/java.io.FileOutputStream.open(FileOutputStream.java:293)
	at java.base/java.io.FileOutputStream.<init>(FileOutputStream.java:235)
	at com.google.common.io.Files$FileByteSink.openStream(Files.java:193)
	at com.google.common.io.Files$FileByteSink.openStream(Files.java:181)
	at com.google.common.io.ByteSink$AsCharSink.openStream(ByteSink.java:149)
	at com.google.common.io.CharSource$StringCharSource.copyTo(CharSource.java:648)
	at org.eclipse.buildship.core.internal.util.gradle.PublishedGradleVersions.storeCacheVersionsFile(PublishedGradleVersions.java:184)
	at org.eclipse.buildship.core.internal.util.gradle.PublishedGradleVersions.tryToDownloadAndCacheVersions(PublishedGradleVersions.java:150)
	at org.eclipse.buildship.core.internal.util.gradle.PublishedGradleVersions.create(PublishedGradleVersions.java:109)
	at org.eclipse.buildship.core.internal.util.gradle.PublishedGradleVersionsWrapper$LoadVersionsJob.run(PublishedGradleVersionsWrapper.java:60)
	at org.eclipse.core.internal.jobs.Worker.run(Worker.java:63)
2023-04-21 13:12:45,126 [Worker-2: Loading available Gradle versions] INFO  o.e.b.c.i.u.g.PublishedGradleVersions - Gradle version information cache is not available. Remote download required.
2023-04-21 13:12:45,700 [Worker-2: Loading available Gradle versions] ERROR o.e.b.c.i.u.g.PublishedGradleVersions - Cannot write Gradle version information cache file.
java.io.FileNotFoundException: C:\Users\ADMIN\.cache\tooling\gradle\versions.json (The system cannot find the path specified)
	at java.base/java.io.FileOutputStream.open0(Native Method)
	at java.base/java.io.FileOutputStream.open(FileOutputStream.java:293)
	at java.base/java.io.FileOutputStream.<init>(FileOutputStream.java:235)
	at com.google.common.io.Files$FileByteSink.openStream(Files.java:193)
	at com.google.common.io.Files$FileByteSink.openStream(Files.java:181)
	at com.google.common.io.ByteSink$AsCharSink.openStream(ByteSink.java:149)
	at com.google.common.io.CharSource$StringCharSource.copyTo(CharSource.java:648)
	at org.eclipse.buildship.core.internal.util.gradle.PublishedGradleVersions.storeCacheVersionsFile(PublishedGradleVersions.java:184)
	at org.eclipse.buildship.core.internal.util.gradle.PublishedGradleVersions.tryToDownloadAndCacheVersions(PublishedGradleVersions.java:150)
	at org.eclipse.buildship.core.internal.util.gradle.PublishedGradleVersions.create(PublishedGradleVersions.java:109)
	at org.eclipse.buildship.core.internal.util.gradle.PublishedGradleVersionsWrapper$LoadVersionsJob.run(PublishedGradleVersionsWrapper.java:60)
	at org.eclipse.core.internal.jobs.Worker.run(Worker.java:63)
2023-04-21 15:13:10,301 [Worker-6: Loading available Gradle versions] INFO  o.e.b.c.i.u.g.PublishedGradleVersions - Gradle version information cache is not available. Remote download required.
2023-04-21 15:13:11,066 [Worker-6: Loading available Gradle versions] ERROR o.e.b.c.i.u.g.PublishedGradleVersions - Cannot write Gradle version information cache file.
java.io.FileNotFoundException: C:\Users\ADMIN\.cache\tooling\gradle\versions.json (The system cannot find the path specified)
	at java.base/java.io.FileOutputStream.open0(Native Method)
	at java.base/java.io.FileOutputStream.open(FileOutputStream.java:293)
	at java.base/java.io.FileOutputStream.<init>(FileOutputStream.java:235)
	at com.google.common.io.Files$FileByteSink.openStream(Files.java:193)
	at com.google.common.io.Files$FileByteSink.openStream(Files.java:181)
	at com.google.common.io.ByteSink$AsCharSink.openStream(ByteSink.java:149)
	at com.google.common.io.CharSource$StringCharSource.copyTo(CharSource.java:648)
	at org.eclipse.buildship.core.internal.util.gradle.PublishedGradleVersions.storeCacheVersionsFile(PublishedGradleVersions.java:184)
	at org.eclipse.buildship.core.internal.util.gradle.PublishedGradleVersions.tryToDownloadAndCacheVersions(PublishedGradleVersions.java:150)
	at org.eclipse.buildship.core.internal.util.gradle.PublishedGradleVersions.create(PublishedGradleVersions.java:109)
	at org.eclipse.buildship.core.internal.util.gradle.PublishedGradleVersionsWrapper$LoadVersionsJob.run(PublishedGradleVersionsWrapper.java:60)
	at org.eclipse.core.internal.jobs.Worker.run(Worker.java:63)
2023-04-24 05:23:15,594 [Worker-2: Loading available Gradle versions] INFO  o.e.b.c.i.u.g.PublishedGradleVersions - Gradle version information cache is not available. Remote download required.
2023-04-24 05:23:16,405 [Worker-2: Loading available Gradle versions] ERROR o.e.b.c.i.u.g.PublishedGradleVersions - Cannot write Gradle version information cache file.
java.io.FileNotFoundException: C:\Users\ADMIN\.cache\tooling\gradle\versions.json (The system cannot find the path specified)
	at java.base/java.io.FileOutputStream.open0(Native Method)
	at java.base/java.io.FileOutputStream.open(FileOutputStream.java:293)
	at java.base/java.io.FileOutputStream.<init>(FileOutputStream.java:235)
	at com.google.common.io.Files$FileByteSink.openStream(Files.java:193)
	at com.google.common.io.Files$FileByteSink.openStream(Files.java:181)
	at com.google.common.io.ByteSink$AsCharSink.openStream(ByteSink.java:149)
	at com.google.common.io.CharSource$StringCharSource.copyTo(CharSource.java:648)
	at org.eclipse.buildship.core.internal.util.gradle.PublishedGradleVersions.storeCacheVersionsFile(PublishedGradleVersions.java:184)
	at org.eclipse.buildship.core.internal.util.gradle.PublishedGradleVersions.tryToDownloadAndCacheVersions(PublishedGradleVersions.java:150)
	at org.eclipse.buildship.core.internal.util.gradle.PublishedGradleVersions.create(PublishedGradleVersions.java:109)
	at org.eclipse.buildship.core.internal.util.gradle.PublishedGradleVersionsWrapper$LoadVersionsJob.run(PublishedGradleVersionsWrapper.java:60)
	at org.eclipse.core.internal.jobs.Worker.run(Worker.java:63)
2023-04-24 07:40:06,566 [Worker-5: Loading available Gradle versions] INFO  o.e.b.c.i.u.g.PublishedGradleVersions - Gradle version information cache is not available. Remote download required.
2023-04-25 07:44:35,304 [Worker-0: Loading available Gradle versions] INFO  o.e.b.c.i.u.g.PublishedGradleVersions - Gradle version information cache is not available. Remote download required.
2023-04-25 07:44:36,547 [Worker-0: Loading available Gradle versions] ERROR o.e.b.c.i.u.g.PublishedGradleVersions - Cannot write Gradle version information cache file.
java.io.FileNotFoundException: C:\Users\ADMIN\.cache\tooling\gradle\versions.json (The system cannot find the path specified)
	at java.base/java.io.FileOutputStream.open0(Native Method)
	at java.base/java.io.FileOutputStream.open(FileOutputStream.java:293)
	at java.base/java.io.FileOutputStream.<init>(FileOutputStream.java:235)
	at com.google.common.io.Files$FileByteSink.openStream(Files.java:193)
	at com.google.common.io.Files$FileByteSink.openStream(Files.java:181)
	at com.google.common.io.ByteSink$AsCharSink.openStream(ByteSink.java:149)
	at com.google.common.io.CharSource$StringCharSource.copyTo(CharSource.java:648)
	at org.eclipse.buildship.core.internal.util.gradle.PublishedGradleVersions.storeCacheVersionsFile(PublishedGradleVersions.java:184)
	at org.eclipse.buildship.core.internal.util.gradle.PublishedGradleVersions.tryToDownloadAndCacheVersions(PublishedGradleVersions.java:150)
	at org.eclipse.buildship.core.internal.util.gradle.PublishedGradleVersions.create(PublishedGradleVersions.java:109)
	at org.eclipse.buildship.core.internal.util.gradle.PublishedGradleVersionsWrapper$LoadVersionsJob.run(PublishedGradleVersionsWrapper.java:60)
	at org.eclipse.core.internal.jobs.Worker.run(Worker.java:63)
2023-04-25 08:22:53,796 [Worker-1: Loading available Gradle versions] INFO  o.e.b.c.i.u.g.PublishedGradleVersions - Gradle version information cache is not available. Remote download required.
2023-04-25 08:22:54,769 [Worker-1: Loading available Gradle versions] ERROR o.e.b.c.i.u.g.PublishedGradleVersions - Cannot write Gradle version information cache file.
java.io.FileNotFoundException: C:\Users\ADMIN\.cache\tooling\gradle\versions.json (The system cannot find the path specified)
	at java.base/java.io.FileOutputStream.open0(Native Method)
	at java.base/java.io.FileOutputStream.open(FileOutputStream.java:293)
	at java.base/java.io.FileOutputStream.<init>(FileOutputStream.java:235)
	at com.google.common.io.Files$FileByteSink.openStream(Files.java:193)
	at com.google.common.io.Files$FileByteSink.openStream(Files.java:181)
	at com.google.common.io.ByteSink$AsCharSink.openStream(ByteSink.java:149)
	at com.google.common.io.CharSource$StringCharSource.copyTo(CharSource.java:648)
	at org.eclipse.buildship.core.internal.util.gradle.PublishedGradleVersions.storeCacheVersionsFile(PublishedGradleVersions.java:184)
	at org.eclipse.buildship.core.internal.util.gradle.PublishedGradleVersions.tryToDownloadAndCacheVersions(PublishedGradleVersions.java:150)
	at org.eclipse.buildship.core.internal.util.gradle.PublishedGradleVersions.create(PublishedGradleVersions.java:109)
	at org.eclipse.buildship.core.internal.util.gradle.PublishedGradleVersionsWrapper$LoadVersionsJob.run(PublishedGradleVersionsWrapper.java:60)
	at org.eclipse.core.internal.jobs.Worker.run(Worker.java:63)
2023-05-08 20:39:30,614 [Worker-1: Loading available Gradle versions] INFO  o.e.b.c.i.u.g.PublishedGradleVersions - Gradle version information cache is not available. Remote download required.
2023-05-08 20:39:31,435 [Worker-1: Loading available Gradle versions] ERROR o.e.b.c.i.u.g.PublishedGradleVersions - Cannot write Gradle version information cache file.
java.io.FileNotFoundException: C:\Users\ADMIN\.cache\tooling\gradle\versions.json (The system cannot find the path specified)
	at java.base/java.io.FileOutputStream.open0(Native Method)
	at java.base/java.io.FileOutputStream.open(FileOutputStream.java:293)
	at java.base/java.io.FileOutputStream.<init>(FileOutputStream.java:235)
	at com.google.common.io.Files$FileByteSink.openStream(Files.java:193)
	at com.google.common.io.Files$FileByteSink.openStream(Files.java:181)
	at com.google.common.io.ByteSink$AsCharSink.openStream(ByteSink.java:149)
	at com.google.common.io.CharSource$StringCharSource.copyTo(CharSource.java:648)
	at org.eclipse.buildship.core.internal.util.gradle.PublishedGradleVersions.storeCacheVersionsFile(PublishedGradleVersions.java:184)
	at org.eclipse.buildship.core.internal.util.gradle.PublishedGradleVersions.tryToDownloadAndCacheVersions(PublishedGradleVersions.java:150)
	at org.eclipse.buildship.core.internal.util.gradle.PublishedGradleVersions.create(PublishedGradleVersions.java:109)
	at org.eclipse.buildship.core.internal.util.gradle.PublishedGradleVersionsWrapper$LoadVersionsJob.run(PublishedGradleVersionsWrapper.java:60)
	at org.eclipse.core.internal.jobs.Worker.run(Worker.java:63)
2023-05-09 07:47:38,790 [Worker-5: Loading available Gradle versions] INFO  o.e.b.c.i.u.g.PublishedGradleVersions - Gradle version information cache is not available. Remote download required.
2023-05-09 07:47:40,666 [Worker-5: Loading available Gradle versions] ERROR o.e.b.c.i.u.g.PublishedGradleVersions - Cannot write Gradle version information cache file.
java.io.FileNotFoundException: C:\Users\ADMIN\.cache\tooling\gradle\versions.json (The system cannot find the path specified)
	at java.base/java.io.FileOutputStream.open0(Native Method)
	at java.base/java.io.FileOutputStream.open(FileOutputStream.java:293)
	at java.base/java.io.FileOutputStream.<init>(FileOutputStream.java:235)
	at com.google.common.io.Files$FileByteSink.openStream(Files.java:193)
	at com.google.common.io.Files$FileByteSink.openStream(Files.java:181)
	at com.google.common.io.ByteSink$AsCharSink.openStream(ByteSink.java:149)
	at com.google.common.io.CharSource$StringCharSource.copyTo(CharSource.java:648)
	at org.eclipse.buildship.core.internal.util.gradle.PublishedGradleVersions.storeCacheVersionsFile(PublishedGradleVersions.java:184)
	at org.eclipse.buildship.core.internal.util.gradle.PublishedGradleVersions.tryToDownloadAndCacheVersions(PublishedGradleVersions.java:150)
	at org.eclipse.buildship.core.internal.util.gradle.PublishedGradleVersions.create(PublishedGradleVersions.java:109)
	at org.eclipse.buildship.core.internal.util.gradle.PublishedGradleVersionsWrapper$LoadVersionsJob.run(PublishedGradleVersionsWrapper.java:60)
	at org.eclipse.core.internal.jobs.Worker.run(Worker.java:63)
2023-05-09 12:14:09,988 [Worker-5: Loading available Gradle versions] INFO  o.e.b.c.i.u.g.PublishedGradleVersions - Gradle version information cache is not available. Remote download required.
2023-05-09 12:14:10,690 [Worker-5: Loading available Gradle versions] ERROR o.e.b.c.i.u.g.PublishedGradleVersions - Cannot write Gradle version information cache file.
java.io.FileNotFoundException: C:\Users\ADMIN\.cache\tooling\gradle\versions.json (The system cannot find the path specified)
	at java.base/java.io.FileOutputStream.open0(Native Method)
	at java.base/java.io.FileOutputStream.open(FileOutputStream.java:293)
	at java.base/java.io.FileOutputStream.<init>(FileOutputStream.java:235)
	at com.google.common.io.Files$FileByteSink.openStream(Files.java:193)
	at com.google.common.io.Files$FileByteSink.openStream(Files.java:181)
	at com.google.common.io.ByteSink$AsCharSink.openStream(ByteSink.java:149)
	at com.google.common.io.CharSource$StringCharSource.copyTo(CharSource.java:648)
	at org.eclipse.buildship.core.internal.util.gradle.PublishedGradleVersions.storeCacheVersionsFile(PublishedGradleVersions.java:184)
	at org.eclipse.buildship.core.internal.util.gradle.PublishedGradleVersions.tryToDownloadAndCacheVersions(PublishedGradleVersions.java:150)
	at org.eclipse.buildship.core.internal.util.gradle.PublishedGradleVersions.create(PublishedGradleVersions.java:109)
	at org.eclipse.buildship.core.internal.util.gradle.PublishedGradleVersionsWrapper$LoadVersionsJob.run(PublishedGradleVersionsWrapper.java:60)
	at org.eclipse.core.internal.jobs.Worker.run(Worker.java:63)
2023-05-09 20:54:18,314 [Worker-2: Loading available Gradle versions] INFO  o.e.b.c.i.u.g.PublishedGradleVersions - Gradle version information cache is not available. Remote download required.
2023-05-09 20:54:20,295 [Worker-2: Loading available Gradle versions] ERROR o.e.b.c.i.u.g.PublishedGradleVersions - Cannot write Gradle version information cache file.
java.io.FileNotFoundException: C:\Users\ADMIN\.cache\tooling\gradle\versions.json (The system cannot find the path specified)
	at java.base/java.io.FileOutputStream.open0(Native Method)
	at java.base/java.io.FileOutputStream.open(FileOutputStream.java:293)
	at java.base/java.io.FileOutputStream.<init>(FileOutputStream.java:235)
	at com.google.common.io.Files$FileByteSink.openStream(Files.java:193)
	at com.google.common.io.Files$FileByteSink.openStream(Files.java:181)
	at com.google.common.io.ByteSink$AsCharSink.openStream(ByteSink.java:149)
	at com.google.common.io.CharSource$StringCharSource.copyTo(CharSource.java:648)
	at org.eclipse.buildship.core.internal.util.gradle.PublishedGradleVersions.storeCacheVersionsFile(PublishedGradleVersions.java:184)
	at org.eclipse.buildship.core.internal.util.gradle.PublishedGradleVersions.tryToDownloadAndCacheVersions(PublishedGradleVersions.java:150)
	at org.eclipse.buildship.core.internal.util.gradle.PublishedGradleVersions.create(PublishedGradleVersions.java:109)
	at org.eclipse.buildship.core.internal.util.gradle.PublishedGradleVersionsWrapper$LoadVersionsJob.run(PublishedGradleVersionsWrapper.java:60)
	at org.eclipse.core.internal.jobs.Worker.run(Worker.java:63)
2023-05-11 09:45:35,713 [Worker-5: Loading available Gradle versions] INFO  o.e.b.c.i.u.g.PublishedGradleVersions - Gradle version information cache is not available. Remote download required.
2023-05-11 09:45:36,892 [Worker-5: Loading available Gradle versions] ERROR o.e.b.c.i.u.g.PublishedGradleVersions - Cannot write Gradle version information cache file.
java.io.FileNotFoundException: C:\Users\ADMIN\.cache\tooling\gradle\versions.json (The system cannot find the path specified)
	at java.base/java.io.FileOutputStream.open0(Native Method)
	at java.base/java.io.FileOutputStream.open(FileOutputStream.java:293)
	at java.base/java.io.FileOutputStream.<init>(FileOutputStream.java:235)
	at com.google.common.io.Files$FileByteSink.openStream(Files.java:193)
	at com.google.common.io.Files$FileByteSink.openStream(Files.java:181)
	at com.google.common.io.ByteSink$AsCharSink.openStream(ByteSink.java:149)
	at com.google.common.io.CharSource$StringCharSource.copyTo(CharSource.java:648)
	at org.eclipse.buildship.core.internal.util.gradle.PublishedGradleVersions.storeCacheVersionsFile(PublishedGradleVersions.java:184)
	at org.eclipse.buildship.core.internal.util.gradle.PublishedGradleVersions.tryToDownloadAndCacheVersions(PublishedGradleVersions.java:150)
	at org.eclipse.buildship.core.internal.util.gradle.PublishedGradleVersions.create(PublishedGradleVersions.java:109)
	at org.eclipse.buildship.core.internal.util.gradle.PublishedGradleVersionsWrapper$LoadVersionsJob.run(PublishedGradleVersionsWrapper.java:60)
	at org.eclipse.core.internal.jobs.Worker.run(Worker.java:63)
2023-05-11 20:16:07,552 [Worker-6: Loading available Gradle versions] INFO  o.e.b.c.i.u.g.PublishedGradleVersions - Gradle version information cache is not available. Remote download required.
2023-05-11 20:16:08,264 [Worker-6: Loading available Gradle versions] ERROR o.e.b.c.i.u.g.PublishedGradleVersions - Cannot write Gradle version information cache file.
java.io.FileNotFoundException: C:\Users\ADMIN\.cache\tooling\gradle\versions.json (The system cannot find the path specified)
	at java.base/java.io.FileOutputStream.open0(Native Method)
	at java.base/java.io.FileOutputStream.open(FileOutputStream.java:293)
	at java.base/java.io.FileOutputStream.<init>(FileOutputStream.java:235)
	at com.google.common.io.Files$FileByteSink.openStream(Files.java:193)
	at com.google.common.io.Files$FileByteSink.openStream(Files.java:181)
	at com.google.common.io.ByteSink$AsCharSink.openStream(ByteSink.java:149)
	at com.google.common.io.CharSource$StringCharSource.copyTo(CharSource.java:648)
	at org.eclipse.buildship.core.internal.util.gradle.PublishedGradleVersions.storeCacheVersionsFile(PublishedGradleVersions.java:184)
	at org.eclipse.buildship.core.internal.util.gradle.PublishedGradleVersions.tryToDownloadAndCacheVersions(PublishedGradleVersions.java:150)
	at org.eclipse.buildship.core.internal.util.gradle.PublishedGradleVersions.create(PublishedGradleVersions.java:109)
	at org.eclipse.buildship.core.internal.util.gradle.PublishedGradleVersionsWrapper$LoadVersionsJob.run(PublishedGradleVersionsWrapper.java:60)
	at org.eclipse.core.internal.jobs.Worker.run(Worker.java:63)
2023-05-11 21:24:55,257 [Worker-1: Loading available Gradle versions] INFO  o.e.b.c.i.u.g.PublishedGradleVersions - Gradle version information cache is not available. Remote download required.
2023-05-11 21:24:56,020 [Worker-1: Loading available Gradle versions] ERROR o.e.b.c.i.u.g.PublishedGradleVersions - Cannot write Gradle version information cache file.
java.io.FileNotFoundException: C:\Users\ADMIN\.cache\tooling\gradle\versions.json (The system cannot find the path specified)
	at java.base/java.io.FileOutputStream.open0(Native Method)
	at java.base/java.io.FileOutputStream.open(FileOutputStream.java:293)
	at java.base/java.io.FileOutputStream.<init>(FileOutputStream.java:235)
	at com.google.common.io.Files$FileByteSink.openStream(Files.java:193)
	at com.google.common.io.Files$FileByteSink.openStream(Files.java:181)
	at com.google.common.io.ByteSink$AsCharSink.openStream(ByteSink.java:149)
	at com.google.common.io.CharSource$StringCharSource.copyTo(CharSource.java:648)
	at org.eclipse.buildship.core.internal.util.gradle.PublishedGradleVersions.storeCacheVersionsFile(PublishedGradleVersions.java:184)
	at org.eclipse.buildship.core.internal.util.gradle.PublishedGradleVersions.tryToDownloadAndCacheVersions(PublishedGradleVersions.java:150)
	at org.eclipse.buildship.core.internal.util.gradle.PublishedGradleVersions.create(PublishedGradleVersions.java:109)
	at org.eclipse.buildship.core.internal.util.gradle.PublishedGradleVersionsWrapper$LoadVersionsJob.run(PublishedGradleVersionsWrapper.java:60)
	at org.eclipse.core.internal.jobs.Worker.run(Worker.java:63)
2023-05-12 10:50:04,781 [Worker-5: Loading available Gradle versions] INFO  o.e.b.c.i.u.g.PublishedGradleVersions - Gradle version information cache is not available. Remote download required.
2023-05-12 10:50:05,640 [Worker-5: Loading available Gradle versions] ERROR o.e.b.c.i.u.g.PublishedGradleVersions - Cannot write Gradle version information cache file.
java.io.FileNotFoundException: C:\Users\ADMIN\.cache\tooling\gradle\versions.json (The system cannot find the path specified)
	at java.base/java.io.FileOutputStream.open0(Native Method)
	at java.base/java.io.FileOutputStream.open(FileOutputStream.java:293)
	at java.base/java.io.FileOutputStream.<init>(FileOutputStream.java:235)
	at com.google.common.io.Files$FileByteSink.openStream(Files.java:193)
	at com.google.common.io.Files$FileByteSink.openStream(Files.java:181)
	at com.google.common.io.ByteSink$AsCharSink.openStream(ByteSink.java:149)
	at com.google.common.io.CharSource$StringCharSource.copyTo(CharSource.java:648)
	at org.eclipse.buildship.core.internal.util.gradle.PublishedGradleVersions.storeCacheVersionsFile(PublishedGradleVersions.java:184)
	at org.eclipse.buildship.core.internal.util.gradle.PublishedGradleVersions.tryToDownloadAndCacheVersions(PublishedGradleVersions.java:150)
	at org.eclipse.buildship.core.internal.util.gradle.PublishedGradleVersions.create(PublishedGradleVersions.java:109)
	at org.eclipse.buildship.core.internal.util.gradle.PublishedGradleVersionsWrapper$LoadVersionsJob.run(PublishedGradleVersionsWrapper.java:60)
	at org.eclipse.core.internal.jobs.Worker.run(Worker.java:63)
2023-05-12 13:03:52,822 [Worker-2: Loading available Gradle versions] INFO  o.e.b.c.i.u.g.PublishedGradleVersions - Gradle version information cache is not available. Remote download required.
2023-05-12 13:03:53,587 [Worker-2: Loading available Gradle versions] ERROR o.e.b.c.i.u.g.PublishedGradleVersions - Cannot write Gradle version information cache file.
java.io.FileNotFoundException: C:\Users\ADMIN\.cache\tooling\gradle\versions.json (The system cannot find the path specified)
	at java.base/java.io.FileOutputStream.open0(Native Method)
	at java.base/java.io.FileOutputStream.open(FileOutputStream.java:293)
	at java.base/java.io.FileOutputStream.<init>(FileOutputStream.java:235)
	at com.google.common.io.Files$FileByteSink.openStream(Files.java:193)
	at com.google.common.io.Files$FileByteSink.openStream(Files.java:181)
	at com.google.common.io.ByteSink$AsCharSink.openStream(ByteSink.java:149)
	at com.google.common.io.CharSource$StringCharSource.copyTo(CharSource.java:648)
	at org.eclipse.buildship.core.internal.util.gradle.PublishedGradleVersions.storeCacheVersionsFile(PublishedGradleVersions.java:184)
	at org.eclipse.buildship.core.internal.util.gradle.PublishedGradleVersions.tryToDownloadAndCacheVersions(PublishedGradleVersions.java:150)
	at org.eclipse.buildship.core.internal.util.gradle.PublishedGradleVersions.create(PublishedGradleVersions.java:109)
	at org.eclipse.buildship.core.internal.util.gradle.PublishedGradleVersionsWrapper$LoadVersionsJob.run(PublishedGradleVersionsWrapper.java:60)
	at org.eclipse.core.internal.jobs.Worker.run(Worker.java:63)
2023-05-12 14:56:39,388 [Worker-1: Loading available Gradle versions] INFO  o.e.b.c.i.u.g.PublishedGradleVersions - Gradle version information cache is not available. Remote download required.
2023-05-12 14:56:40,241 [Worker-1: Loading available Gradle versions] ERROR o.e.b.c.i.u.g.PublishedGradleVersions - Cannot write Gradle version information cache file.
java.io.FileNotFoundException: C:\Users\ADMIN\.cache\tooling\gradle\versions.json (The system cannot find the path specified)
	at java.base/java.io.FileOutputStream.open0(Native Method)
	at java.base/java.io.FileOutputStream.open(FileOutputStream.java:293)
	at java.base/java.io.FileOutputStream.<init>(FileOutputStream.java:235)
	at com.google.common.io.Files$FileByteSink.openStream(Files.java:193)
	at com.google.common.io.Files$FileByteSink.openStream(Files.java:181)
	at com.google.common.io.ByteSink$AsCharSink.openStream(ByteSink.java:149)
	at com.google.common.io.CharSource$StringCharSource.copyTo(CharSource.java:648)
	at org.eclipse.buildship.core.internal.util.gradle.PublishedGradleVersions.storeCacheVersionsFile(PublishedGradleVersions.java:184)
	at org.eclipse.buildship.core.internal.util.gradle.PublishedGradleVersions.tryToDownloadAndCacheVersions(PublishedGradleVersions.java:150)
	at org.eclipse.buildship.core.internal.util.gradle.PublishedGradleVersions.create(PublishedGradleVersions.java:109)
	at org.eclipse.buildship.core.internal.util.gradle.PublishedGradleVersionsWrapper$LoadVersionsJob.run(PublishedGradleVersionsWrapper.java:60)
	at org.eclipse.core.internal.jobs.Worker.run(Worker.java:63)
2023-05-14 22:30:16,381 [Worker-5: Loading available Gradle versions] INFO  o.e.b.c.i.u.g.PublishedGradleVersions - Gradle version information cache is not available. Remote download required.
2023-05-14 22:30:17,251 [Worker-5: Loading available Gradle versions] ERROR o.e.b.c.i.u.g.PublishedGradleVersions - Cannot write Gradle version information cache file.
java.io.FileNotFoundException: C:\Users\ADMIN\.cache\tooling\gradle\versions.json (The system cannot find the path specified)
	at java.base/java.io.FileOutputStream.open0(Native Method)
	at java.base/java.io.FileOutputStream.open(FileOutputStream.java:293)
	at java.base/java.io.FileOutputStream.<init>(FileOutputStream.java:235)
	at com.google.common.io.Files$FileByteSink.openStream(Files.java:193)
	at com.google.common.io.Files$FileByteSink.openStream(Files.java:181)
	at com.google.common.io.ByteSink$AsCharSink.openStream(ByteSink.java:149)
	at com.google.common.io.CharSource$StringCharSource.copyTo(CharSource.java:648)
	at org.eclipse.buildship.core.internal.util.gradle.PublishedGradleVersions.storeCacheVersionsFile(PublishedGradleVersions.java:184)
	at org.eclipse.buildship.core.internal.util.gradle.PublishedGradleVersions.tryToDownloadAndCacheVersions(PublishedGradleVersions.java:150)
	at org.eclipse.buildship.core.internal.util.gradle.PublishedGradleVersions.create(PublishedGradleVersions.java:109)
	at org.eclipse.buildship.core.internal.util.gradle.PublishedGradleVersionsWrapper$LoadVersionsJob.run(PublishedGradleVersionsWrapper.java:60)
	at org.eclipse.core.internal.jobs.Worker.run(Worker.java:63)
2023-05-15 08:03:27,054 [Worker-6: Loading available Gradle versions] INFO  o.e.b.c.i.u.g.PublishedGradleVersions - Gradle version information cache is not available. Remote download required.
2023-05-15 08:03:28,460 [Worker-6: Loading available Gradle versions] ERROR o.e.b.c.i.u.g.PublishedGradleVersions - Cannot write Gradle version information cache file.
java.io.FileNotFoundException: C:\Users\ADMIN\.cache\tooling\gradle\versions.json (The system cannot find the path specified)
	at java.base/java.io.FileOutputStream.open0(Native Method)
	at java.base/java.io.FileOutputStream.open(FileOutputStream.java:293)
	at java.base/java.io.FileOutputStream.<init>(FileOutputStream.java:235)
	at com.google.common.io.Files$FileByteSink.openStream(Files.java:193)
	at com.google.common.io.Files$FileByteSink.openStream(Files.java:181)
	at com.google.common.io.ByteSink$AsCharSink.openStream(ByteSink.java:149)
	at com.google.common.io.CharSource$StringCharSource.copyTo(CharSource.java:648)
	at org.eclipse.buildship.core.internal.util.gradle.PublishedGradleVersions.storeCacheVersionsFile(PublishedGradleVersions.java:184)
	at org.eclipse.buildship.core.internal.util.gradle.PublishedGradleVersions.tryToDownloadAndCacheVersions(PublishedGradleVersions.java:150)
	at org.eclipse.buildship.core.internal.util.gradle.PublishedGradleVersions.create(PublishedGradleVersions.java:109)
	at org.eclipse.buildship.core.internal.util.gradle.PublishedGradleVersionsWrapper$LoadVersionsJob.run(PublishedGradleVersionsWrapper.java:60)
	at org.eclipse.core.internal.jobs.Worker.run(Worker.java:63)
2023-05-16 07:47:48,086 [Worker-6: Loading available Gradle versions] INFO  o.e.b.c.i.u.g.PublishedGradleVersions - Gradle version information cache is not available. Remote download required.
2023-05-16 07:47:51,813 [Worker-6: Loading available Gradle versions] ERROR o.e.b.c.i.u.g.PublishedGradleVersions - Cannot write Gradle version information cache file.
java.io.FileNotFoundException: C:\Users\ADMIN\.cache\tooling\gradle\versions.json (The system cannot find the path specified)
	at java.base/java.io.FileOutputStream.open0(Native Method)
	at java.base/java.io.FileOutputStream.open(FileOutputStream.java:293)
	at java.base/java.io.FileOutputStream.<init>(FileOutputStream.java:235)
	at com.google.common.io.Files$FileByteSink.openStream(Files.java:193)
	at com.google.common.io.Files$FileByteSink.openStream(Files.java:181)
	at com.google.common.io.ByteSink$AsCharSink.openStream(ByteSink.java:149)
	at com.google.common.io.CharSource$StringCharSource.copyTo(CharSource.java:648)
	at org.eclipse.buildship.core.internal.util.gradle.PublishedGradleVersions.storeCacheVersionsFile(PublishedGradleVersions.java:184)
	at org.eclipse.buildship.core.internal.util.gradle.PublishedGradleVersions.tryToDownloadAndCacheVersions(PublishedGradleVersions.java:150)
	at org.eclipse.buildship.core.internal.util.gradle.PublishedGradleVersions.create(PublishedGradleVersions.java:109)
	at org.eclipse.buildship.core.internal.util.gradle.PublishedGradleVersionsWrapper$LoadVersionsJob.run(PublishedGradleVersionsWrapper.java:60)
	at org.eclipse.core.internal.jobs.Worker.run(Worker.java:63)
